#
# There is insufficient memory for the Java Runtime Environment to continue.
# Native memory allocation (malloc) failed to allocate 2311536 bytes for Chunk::new
# Possible reasons:
#   The system is out of physical RAM or swap space
#   In 32 bit mode, the process size limit was hit
# Possible solutions:
#   Reduce memory load on the system
#   Increase physical memory or swap space
#   Check if swap backing store is full
#   Use 64 bit Java on a 64 bit OS
#   Decrease Java heap size (-Xmx/-Xms)
#   Decrease number of Java threads
#   Decrease Java thread stack sizes (-Xss)
#   Set larger code cache with -XX:ReservedCodeCacheSize=
# This output file may be truncated or incomplete.
#
#  Out of Memory Error (allocation.cpp:390), pid=3076, tid=0x0000000000001994
#
# JRE version: OpenJDK Runtime Environment (8.0_152-b02) (build 1.8.0_152-release-1024-b02)
# Java VM: OpenJDK 64-Bit Server VM (25.152-b02 mixed mode windows-amd64 compressed oops)
# Failed to write core dump. Minidumps are not enabled by default on client versions of Windows
#

---------------  T H R E A D  ---------------

Current thread (0x0000000057812800):  JavaThread "C2 CompilerThread0" daemon [_thread_in_native, id=6548, stack(0x0000000057ff0000,0x00000000580f0000)]

Stack: [0x0000000057ff0000,0x00000000580f0000]
[error occurred during error reporting (printing stack bounds), id 0xc0000005]

Native frames: (J=compiled Java code, j=interpreted, Vv=VM code, C=native code)


Current CompileTask:
C2:1486839 28604 %     4       com.android.tools.r8.ir.regalloc.LinearScanRegisterAllocator::computeDebugInfo @ 697 (1101 bytes)


---------------  P R O C E S S  ---------------

Java Threads: ( => current thread )
  0x000000005d11e000 JavaThread "ForkJoinPool-17-worker-0" daemon [_thread_blocked, id=4176, stack(0x000000006b9d0000,0x000000006bad0000)]
  0x000000005d125000 JavaThread "ForkJoinPool-17-worker-1" daemon [_thread_in_Java, id=5036, stack(0x000000006b7e0000,0x000000006b8e0000)]
  0x0000000061cc1800 JavaThread "Worker Daemon Execution Thread 2" [_thread_blocked, id=2060, stack(0x00000000678e0000,0x00000000679e0000)]
  0x0000000061cbb000 JavaThread "Worker Daemon Execution" [_thread_blocked, id=3676, stack(0x00000000671f0000,0x00000000672f0000)]
  0x000000005f59f800 JavaThread "ForkJoinPool.commonPool-worker-3" daemon [_thread_blocked, id=2344, stack(0x0000000067040000,0x0000000067140000)]
  0x000000005dac3000 JavaThread "ForkJoinPool.commonPool-worker-2" daemon [_thread_blocked, id=3484, stack(0x0000000066a00000,0x0000000066b00000)]
  0x000000005dac1800 JavaThread "ForkJoinPool.commonPool-worker-1" daemon [_thread_blocked, id=5440, stack(0x0000000066e30000,0x0000000066f30000)]
  0x000000005c8df000 JavaThread "Cache worker for Java compile cache (F:\App\TravelVTV\.gradle\4.4\javaCompile)" [_thread_blocked, id=4840, stack(0x00000000668f0000,0x00000000669f0000)]
  0x000000005c8dd800 JavaThread "Task worker for ':' Thread 3" [_thread_blocked, id=3028, stack(0x00000000664f0000,0x00000000665f0000)]
  0x000000005c8e3000 JavaThread "Task worker for ':' Thread 2" [_thread_blocked, id=2500, stack(0x00000000663a0000,0x00000000664a0000)]
  0x000000005c8e4800 JavaThread "Task worker for ':'" [_thread_blocked, id=5692, stack(0x0000000064cf0000,0x0000000064df0000)]
  0x000000005c8e3800 JavaThread "Cache worker for Build Output Cleanup Cache (F:\App\TravelVTV\.gradle\buildOutputCleanup)" [_thread_blocked, id=904, stack(0x000000005c680000,0x000000005c780000)]
  0x00000000588e1800 JavaThread "Cache worker for task history cache (F:\App\TravelVTV\.gradle\4.4\taskHistory)" [_thread_blocked, id=2096, stack(0x0000000066210000,0x0000000066310000)]
  0x00000000588e3800 JavaThread "Cache worker for file content cache (F:\App\TravelVTV\.gradle\4.4\fileContent)" [_thread_blocked, id=3544, stack(0x000000005b460000,0x000000005b560000)]
  0x00000000588e3000 JavaThread "build operations Thread 4" [_thread_blocked, id=2984, stack(0x0000000065db0000,0x0000000065eb0000)]
  0x00000000588dd800 JavaThread "build operations Thread 3" [_thread_blocked, id=6284, stack(0x0000000060140000,0x0000000060240000)]
  0x000000005d11f800 JavaThread "build operations Thread 2" [_thread_blocked, id=5652, stack(0x00000000649e0000,0x0000000064ae0000)]
  0x000000005d122800 JavaThread "build operations" [_thread_blocked, id=5732, stack(0x0000000060dd0000,0x0000000060ed0000)]
  0x00000000588de000 JavaThread "Cache worker for Artifact transforms cache (C:\Users\Administrator\.gradle\caches\transforms-1)" [_thread_blocked, id=6204, stack(0x0000000061440000,0x0000000061540000)]
  0x0000000069ddb800 JavaThread "Cache worker for file hash cache (F:\App\TravelVTV\.gradle\4.4\fileHashes)" [_thread_blocked, id=2052, stack(0x000000005ed80000,0x000000005ee80000)]
  0x0000000069dd5800 JavaThread "Stdin handler" [_thread_blocked, id=544, stack(0x000000005e9f0000,0x000000005eaf0000)]
  0x0000000069dd9000 JavaThread "Asynchronous log dispatcher for DefaultDaemonConnection: socket connection from /127.0.0.1:56148 to /127.0.0.1:56447" [_thread_blocked, id=2792, stack(0x000000005af20000,0x000000005b020000)]
  0x0000000069ddc000 JavaThread "Cancel handler" [_thread_blocked, id=5412, stack(0x000000005a8f0000,0x000000005a9f0000)]
  0x0000000069dda000 JavaThread "Handler for socket connection from /127.0.0.1:56148 to /127.0.0.1:56447" [_thread_in_native, id=5712, stack(0x000000005ad20000,0x000000005ae20000)]
  0x000000005dabf000 JavaThread "Daemon worker Thread 4" [_thread_blocked, id=5996, stack(0x000000005a780000,0x000000005a880000)]
  0x000000005dac0000 JavaThread "Daemon Thread 4" [_thread_blocked, id=5804, stack(0x000000005a4e0000,0x000000005a5e0000)]
  0x000000005d121000 JavaThread "Java2D Disposer" daemon [_thread_blocked, id=4600, stack(0x0000000067b10000,0x0000000067c10000)]
  0x000000005f59d000 JavaThread "Memory manager" [_thread_blocked, id=3868, stack(0x0000000061540000,0x0000000061640000)]
  0x000000005f59c800 JavaThread "pool-1-thread-1" [_thread_blocked, id=6800, stack(0x0000000061140000,0x0000000061240000)]
  0x000000005993d800 JavaThread "File lock request listener" [_thread_in_native, id=5872, stack(0x000000005b5a0000,0x000000005b6a0000)]
  0x0000000059a00000 JavaThread "Cache worker for file hash cache (C:\Users\Administrator\.gradle\caches\4.4\fileHashes)" [_thread_blocked, id=1400, stack(0x000000005b330000,0x000000005b430000)]
  0x00000000598fa800 JavaThread "Daemon periodic checks" [_thread_blocked, id=3064, stack(0x000000005a660000,0x000000005a760000)]
  0x0000000059693000 JavaThread "Incoming local TCP Connector on port 56148" [_thread_in_native, id=600, stack(0x000000005a370000,0x000000005a470000)]
  0x00000000563ce800 JavaThread "Service Thread" daemon [_thread_blocked, id=5864, stack(0x00000000584b0000,0x00000000585b0000)]
  0x00000000563c8000 JavaThread "C1 CompilerThread2" daemon [_thread_blocked, id=5324, stack(0x0000000058380000,0x0000000058480000)]
  0x00000000563c5000 JavaThread "C2 CompilerThread1" daemon [_thread_in_native, id=5756, stack(0x00000000581d0000,0x00000000582d0000)]
=>0x0000000057812800 JavaThread "C2 CompilerThread0" daemon [_thread_in_native, id=6548, stack(0x0000000057ff0000,0x00000000580f0000)]
  0x00000000563c2800 JavaThread "Attach Listener" daemon [_thread_blocked, id=4604, stack(0x0000000057e10000,0x0000000057f10000)]
  0x00000000563c1800 JavaThread "Signal Dispatcher" daemon [_thread_blocked, id=4088, stack(0x0000000057d00000,0x0000000057e00000)]
  0x00000000563ab800 JavaThread "Finalizer" daemon [_thread_blocked, id=5460, stack(0x0000000057710000,0x0000000057810000)]
  0x0000000056364800 JavaThread "Reference Handler" daemon [_thread_blocked, id=5636, stack(0x00000000575a0000,0x00000000576a0000)]
  0x000000000219e800 JavaThread "main" [_thread_blocked, id=6360, stack(0x00000000022a0000,0x00000000023a0000)]

Other Threads:
  0x000000005635d000 VMThread [stack: 0x0000000057430000,0x0000000057530000] [id=6184]
  0x00000000563cf000 WatcherThread [stack: 0x0000000058620000,0x0000000058720000] [id=5184]

VM state:not at safepoint (normal execution)

VM Mutex/Monitor currently owned by a thread: None

Heap:
 PSYoungGen      total 429568K, used 129497K [0x00000000e0000000, 0x0000000100000000, 0x0000000100000000)
  eden space 383488K, 21% used [0x00000000e0000000,0x00000000e5179358,0x00000000f7680000)
  from space 46080K, 99% used [0x00000000faf80000,0x00000000fdc7d398,0x00000000fdc80000)
  to   space 58368K, 0% used [0x00000000f7680000,0x00000000f7680000,0x00000000faf80000)
 ParOldGen       total 231936K, used 100660K [0x00000000a0000000, 0x00000000ae280000, 0x00000000e0000000)
  object space 231936K, 43% used [0x00000000a0000000,0x00000000a624d3c0,0x00000000ae280000)
 Metaspace       used 100081K, capacity 108224K, committed 108544K, reserved 1142784K
  class space    used 12549K, capacity 14220K, committed 14336K, reserved 1048576K

Card table byte_map: [0x0000000011b70000,0x0000000011e80000] byte_map_base: 0x0000000011670000

Marking Bits: (ParMarkBitMap*) 0x000000006c3b4970
 Begin Bits: [0x00000000126d0000, 0x0000000013ed0000)
 End Bits:   [0x0000000013ed0000, 0x00000000156d0000)

Polling page: 0x0000000001b60000

CodeCache: size=245760Kb used=77334Kb max_used=78117Kb free=168425Kb
 bounds [0x00000000027b0000, 0x0000000007480000, 0x00000000117b0000]
 total_blobs=23012 nmethods=22016 adapters=906
 compilation: enabled

Compilation events (10 events):
Event: 1486.223 Thread 0x00000000563c8000 28923       2       com.android.tools.r8.code.IputByte::collectIndexedItems (6 bytes)
Event: 1486.223 Thread 0x00000000563c8000 nmethod 28923 0x000000000671fad0 code [0x000000000671fc40, 0x000000000671fdc8]
Event: 1486.227 Thread 0x00000000563c8000 28924       2       com.android.tools.r8.code.IntToByte::collectIndexedItems (6 bytes)
Event: 1486.227 Thread 0x00000000563c8000 nmethod 28924 0x000000000671f790 code [0x000000000671f8e0, 0x000000000671fa30]
Event: 1486.293 Thread 0x00000000563c5000 nmethod 28568 0x000000000723f850 code [0x000000000723fd00, 0x00000000072434a8]
Event: 1486.294 Thread 0x00000000563c5000 28758       4       com.android.tools.r8.ir.regalloc.SpillMoveSet::scheduleAndInsertMoves (110 bytes)
Event: 1486.301 Thread 0x00000000563c8000 28925       2       com.android.tools.r8.dex.VirtualFile$PackageSplitPopulator::conflictsWithPreviousPrefix (68 bytes)
Event: 1486.302 Thread 0x00000000563c8000 nmethod 28925 0x00000000070aa310 code [0x00000000070aa4c0, 0x00000000070aa808]
Event: 1486.305 Thread 0x00000000563c8000 28926       2       com.android.tools.r8.it.unimi.dsi.fastutil.objects.Reference2IntArrayMap::put (172 bytes)
Event: 1486.305 Thread 0x00000000563c8000 nmethod 28926 0x00000000070a9750 code [0x00000000070a98e0, 0x00000000070a9e68]

GC Heap History (10 events):
Event: 1425.795 GC heap before
{Heap before GC invocations=45 (full 5):
 PSYoungGen      total 410112K, used 409836K [0x00000000e0000000, 0x00000000fe800000, 0x0000000100000000)
  eden space 397312K, 100% used [0x00000000e0000000,0x00000000f8400000,0x00000000f8400000)
  from space 12800K, 97% used [0x00000000f9400000,0x00000000fa03b1b0,0x00000000fa080000)
  to   space 51200K, 0% used [0x00000000fb600000,0x00000000fb600000,0x00000000fe800000)
 ParOldGen       total 231936K, used 86627K [0x00000000a0000000, 0x00000000ae280000, 0x00000000e0000000)
  object space 231936K, 37% used [0x00000000a0000000,0x00000000a5498c70,0x00000000ae280000)
 Metaspace       used 98902K, capacity 106898K, committed 107136K, reserved 1142784K
  class space    used 12472K, capacity 14145K, committed 14208K, reserved 1048576K
Event: 1425.812 GC heap after
Heap after GC invocations=45 (full 5):
 PSYoungGen      total 411648K, used 16252K [0x00000000e0000000, 0x00000000fd300000, 0x0000000100000000)
  eden space 381952K, 0% used [0x00000000e0000000,0x00000000e0000000,0x00000000f7500000)
  from space 29696K, 54% used [0x00000000fb600000,0x00000000fc5df1e0,0x00000000fd300000)
  to   space 48128K, 0% used [0x00000000f7500000,0x00000000f7500000,0x00000000fa400000)
 ParOldGen       total 231936K, used 86635K [0x00000000a0000000, 0x00000000ae280000, 0x00000000e0000000)
  object space 231936K, 37% used [0x00000000a0000000,0x00000000a549ac70,0x00000000ae280000)
 Metaspace       used 98902K, capacity 106898K, committed 107136K, reserved 1142784K
  class space    used 12472K, capacity 14145K, committed 14208K, reserved 1048576K
}
Event: 1482.064 GC heap before
{Heap before GC invocations=46 (full 5):
 PSYoungGen      total 411648K, used 397269K [0x00000000e0000000, 0x00000000fd300000, 0x0000000100000000)
  eden space 381952K, 99% used [0x00000000e0000000,0x00000000f7416370,0x00000000f7500000)
  from space 29696K, 54% used [0x00000000fb600000,0x00000000fc5df1e0,0x00000000fd300000)
  to   space 48128K, 0% used [0x00000000f7500000,0x00000000f7500000,0x00000000fa400000)
 ParOldGen       total 231936K, used 86635K [0x00000000a0000000, 0x00000000ae280000, 0x00000000e0000000)
  object space 231936K, 37% used [0x00000000a0000000,0x00000000a549ac70,0x00000000ae280000)
 Metaspace       used 99758K, capacity 107798K, committed 107904K, reserved 1142784K
  class space    used 12534K, capacity 14203K, committed 14208K, reserved 1048576K
Event: 1482.087 GC heap after
Heap after GC invocations=46 (full 5):
 PSYoungGen      total 388608K, used 21458K [0x00000000e0000000, 0x00000000fc180000, 0x0000000100000000)
  eden space 367104K, 0% used [0x00000000e0000000,0x00000000e0000000,0x00000000f6680000)
  from space 21504K, 99% used [0x00000000f7500000,0x00000000f89f4b88,0x00000000f8a00000)
  to   space 46592K, 0% used [0x00000000f9400000,0x00000000f9400000,0x00000000fc180000)
 ParOldGen       total 231936K, used 86643K [0x00000000a0000000, 0x00000000ae280000, 0x00000000e0000000)
  object space 231936K, 37% used [0x00000000a0000000,0x00000000a549cc70,0x00000000ae280000)
 Metaspace       used 99758K, capacity 107798K, committed 107904K, reserved 1142784K
  class space    used 12534K, capacity 14203K, committed 14208K, reserved 1048576K
}
Event: 1482.996 GC heap before
{Heap before GC invocations=47 (full 5):
 PSYoungGen      total 388608K, used 388562K [0x00000000e0000000, 0x00000000fc180000, 0x0000000100000000)
  eden space 367104K, 100% used [0x00000000e0000000,0x00000000f6680000,0x00000000f6680000)
  from space 21504K, 99% used [0x00000000f7500000,0x00000000f89f4b88,0x00000000f8a00000)
  to   space 46592K, 0% used [0x00000000f9400000,0x00000000f9400000,0x00000000fc180000)
 ParOldGen       total 231936K, used 86643K [0x00000000a0000000, 0x00000000ae280000, 0x00000000e0000000)
  object space 231936K, 37% used [0x00000000a0000000,0x00000000a549cc70,0x00000000ae280000)
 Metaspace       used 99781K, capacity 107822K, committed 107904K, reserved 1142784K
  class space    used 12537K, capacity 14207K, committed 14208K, reserved 1048576K
Event: 1483.014 GC heap after
Heap after GC invocations=47 (full 5):
 PSYoungGen      total 413696K, used 25276K [0x00000000e0000000, 0x00000000fda80000, 0x0000000100000000)
  eden space 367104K, 0% used [0x00000000e0000000,0x00000000e0000000,0x00000000f6680000)
  from space 46592K, 54% used [0x00000000f9400000,0x00000000facaf240,0x00000000fc180000)
  to   space 46592K, 0% used [0x00000000f6680000,0x00000000f6680000,0x00000000f9400000)
 ParOldGen       total 231936K, used 86651K [0x00000000a0000000, 0x00000000ae280000, 0x00000000e0000000)
  object space 231936K, 37% used [0x00000000a0000000,0x00000000a549ec70,0x00000000ae280000)
 Metaspace       used 99781K, capacity 107822K, committed 107904K, reserved 1142784K
  class space    used 12537K, capacity 14207K, committed 14208K, reserved 1048576K
}
Event: 1484.759 GC heap before
{Heap before GC invocations=48 (full 5):
 PSYoungGen      total 413696K, used 392380K [0x00000000e0000000, 0x00000000fda80000, 0x0000000100000000)
  eden space 367104K, 100% used [0x00000000e0000000,0x00000000f6680000,0x00000000f6680000)
  from space 46592K, 54% used [0x00000000f9400000,0x00000000facaf240,0x00000000fc180000)
  to   space 46592K, 0% used [0x00000000f6680000,0x00000000f6680000,0x00000000f9400000)
 ParOldGen       total 231936K, used 86651K [0x00000000a0000000, 0x00000000ae280000, 0x00000000e0000000)
  object space 231936K, 37% used [0x00000000a0000000,0x00000000a549ec70,0x00000000ae280000)
 Metaspace       used 100013K, capacity 108090K, committed 108288K, reserved 1142784K
  class space    used 12548K, capacity 14219K, committed 14336K, reserved 1048576K
Event: 1484.784 GC heap after
Heap after GC invocations=48 (full 5):
 PSYoungGen      total 413696K, used 23951K [0x00000000e0000000, 0x00000000fdc80000, 0x0000000100000000)
  eden space 367104K, 0% used [0x00000000e0000000,0x00000000e0000000,0x00000000f6680000)
  from space 46592K, 51% used [0x00000000f6680000,0x00000000f7de3dc0,0x00000000f9400000)
  to   space 46080K, 0% used [0x00000000faf80000,0x00000000faf80000,0x00000000fdc80000)
 ParOldGen       total 231936K, used 86651K [0x00000000a0000000, 0x00000000ae280000, 0x00000000e0000000)
  object space 231936K, 37% used [0x00000000a0000000,0x00000000a549ec70,0x00000000ae280000)
 Metaspace       used 100013K, capacity 108090K, committed 108288K, reserved 1142784K
  class space    used 12548K, capacity 14219K, committed 14336K, reserved 1048576K
}
Event: 1485.742 GC heap before
{Heap before GC invocations=49 (full 5):
 PSYoungGen      total 413696K, used 391055K [0x00000000e0000000, 0x00000000fdc80000, 0x0000000100000000)
  eden space 367104K, 100% used [0x00000000e0000000,0x00000000f6680000,0x00000000f6680000)
  from space 46592K, 51% used [0x00000000f6680000,0x00000000f7de3dc0,0x00000000f9400000)
  to   space 46080K, 0% used [0x00000000faf80000,0x00000000faf80000,0x00000000fdc80000)
 ParOldGen       total 231936K, used 86651K [0x00000000a0000000, 0x00000000ae280000, 0x00000000e0000000)
  object space 231936K, 37% used [0x00000000a0000000,0x00000000a549ec70,0x00000000ae280000)
 Metaspace       used 100077K, capacity 108224K, committed 108544K, reserved 1142784K
  class space    used 12549K, capacity 14220K, committed 14336K, reserved 1048576K
Event: 1485.801 GC heap after
Heap after GC invocations=49 (full 5):
 PSYoungGen      total 429568K, used 46068K [0x00000000e0000000, 0x0000000100000000, 0x0000000100000000)
  eden space 383488K, 0% used [0x00000000e0000000,0x00000000e0000000,0x00000000f7680000)
  from space 46080K, 99% used [0x00000000faf80000,0x00000000fdc7d398,0x00000000fdc80000)
  to   space 58368K, 0% used [0x00000000f7680000,0x00000000f7680000,0x00000000faf80000)
 ParOldGen       total 231936K, used 100660K [0x00000000a0000000, 0x00000000ae280000, 0x00000000e0000000)
  object space 231936K, 43% used [0x00000000a0000000,0x00000000a624d3c0,0x00000000ae280000)
 Metaspace       used 100077K, capacity 108224K, committed 108544K, reserved 1142784K
  class space    used 12549K, capacity 14220K, committed 14336K, reserved 1048576K
}

Deoptimization events (10 events):
Event: 1484.914 Thread 0x0000000061cbe800 Uncommon trap: reason=array_check action=maybe_recompile pc=0x0000000005ea2a64 method=java.util.TimSort.mergeLo(IIII)V @ 468
Event: 1484.914 Thread 0x0000000061cbe800 Uncommon trap: reason=array_check action=maybe_recompile pc=0x0000000005ea2a64 method=java.util.TimSort.mergeLo(IIII)V @ 468
Event: 1484.914 Thread 0x0000000061cbe800 Uncommon trap: reason=array_check action=maybe_recompile pc=0x0000000006133c6c method=java.util.TimSort.mergeHi(IIII)V @ 419
Event: 1484.914 Thread 0x0000000061cbe800 Uncommon trap: reason=array_check action=maybe_recompile pc=0x0000000006133c6c method=java.util.TimSort.mergeHi(IIII)V @ 419
Event: 1484.922 Thread 0x0000000061cbe800 Uncommon trap: reason=unstable_if action=reinterpret pc=0x000000000510566c method=com.android.tools.r8.it.unimi.dsi.fastutil.objects.Reference2IntLinkedOpenHashMap.put(Ljava/lang/Object;I)I @ 8
Event: 1485.014 Thread 0x0000000061cbd800 Uncommon trap: reason=bimorphic action=maybe_recompile pc=0x000000000619e3c0 method=com.android.tools.r8.ir.regalloc.SpillMoveSet.scheduleMovesBeforeInstruction(IILcom/android/tools/r8/ir/code/InstructionListIterator;)V @ 83
Event: 1485.015 Thread 0x0000000061cbd800 Uncommon trap: reason=bimorphic action=maybe_recompile pc=0x000000000619e3c0 method=com.android.tools.r8.ir.regalloc.SpillMoveSet.scheduleMovesBeforeInstruction(IILcom/android/tools/r8/ir/code/InstructionListIterator;)V @ 83
Event: 1485.068 Thread 0x0000000061cc2000 Uncommon trap: reason=bimorphic action=maybe_recompile pc=0x000000000619e3c0 method=com.android.tools.r8.ir.regalloc.SpillMoveSet.scheduleMovesBeforeInstruction(IILcom/android/tools/r8/ir/code/InstructionListIterator;)V @ 83
Event: 1485.068 Thread 0x0000000061cc2000 Uncommon trap: reason=bimorphic action=maybe_recompile pc=0x000000000619e3c0 method=com.android.tools.r8.ir.regalloc.SpillMoveSet.scheduleMovesBeforeInstruction(IILcom/android/tools/r8/ir/code/InstructionListIterator;)V @ 83
Event: 1485.103 Thread 0x000000005d11e000 Uncommon trap: reason=unstable_if action=reinterpret pc=0x0000000005ea5030 method=java.util.concurrent.ConcurrentHashMap.computeIfAbsent(Ljava/lang/Object;Ljava/util/function/Function;)Ljava/lang/Object; @ 456

Classes redefined (0 events):
No events

Internal exceptions (10 events):
Event: 1485.467 Thread 0x000000005d125000 Exception <a 'sun/nio/fs/WindowsException'> (0x00000000f0129930) thrown at [D:\src\AOSP-openjdk-cygwin\jdk8u\hotspot\src\share\vm\prims\jni.cpp, line 709]
Event: 1485.468 Thread 0x000000005d125000 Exception <a 'sun/nio/fs/WindowsException'> (0x00000000f0237f40) thrown at [D:\src\AOSP-openjdk-cygwin\jdk8u\hotspot\src\share\vm\prims\jni.cpp, line 709]
Event: 1485.469 Thread 0x000000005d125000 Exception <a 'sun/nio/fs/WindowsException'> (0x00000000f027f878) thrown at [D:\src\AOSP-openjdk-cygwin\jdk8u\hotspot\src\share\vm\prims\jni.cpp, line 709]
Event: 1485.469 Thread 0x000000005d125000 Exception <a 'sun/nio/fs/WindowsException'> (0x00000000f02c8988) thrown at [D:\src\AOSP-openjdk-cygwin\jdk8u\hotspot\src\share\vm\prims\jni.cpp, line 709]
Event: 1485.470 Thread 0x000000005d125000 Exception <a 'sun/nio/fs/WindowsException'> (0x00000000f039f238) thrown at [D:\src\AOSP-openjdk-cygwin\jdk8u\hotspot\src\share\vm\prims\jni.cpp, line 709]
Event: 1485.471 Thread 0x000000005d11e000 Exception <a 'sun/nio/fs/WindowsException'> (0x00000000f031f558) thrown at [D:\src\AOSP-openjdk-cygwin\jdk8u\hotspot\src\share\vm\prims\jni.cpp, line 709]
Event: 1485.471 Thread 0x000000005d125000 Exception <a 'sun/nio/fs/WindowsException'> (0x00000000f0427d58) thrown at [D:\src\AOSP-openjdk-cygwin\jdk8u\hotspot\src\share\vm\prims\jni.cpp, line 709]
Event: 1485.471 Thread 0x000000005d125000 Exception <a 'sun/nio/fs/WindowsException'> (0x00000000f046cb68) thrown at [D:\src\AOSP-openjdk-cygwin\jdk8u\hotspot\src\share\vm\prims\jni.cpp, line 709]
Event: 1485.472 Thread 0x000000005d11e000 Exception <a 'sun/nio/fs/WindowsException'> (0x00000000f0337670) thrown at [D:\src\AOSP-openjdk-cygwin\jdk8u\hotspot\src\share\vm\prims\jni.cpp, line 709]
Event: 1485.594 Thread 0x000000005c8e3000 Exception <a 'sun/nio/fs/WindowsException'> (0x00000000f1d8c3c8) thrown at [D:\src\AOSP-openjdk-cygwin\jdk8u\hotspot\src\share\vm\prims\jni.cpp, line 709]

Events (10 events):
Event: 1486.417 Thread 0x000000005d125000 DEOPT PACKING pc=0x0000000005b98d22 sp=0x000000006b8de6e0
Event: 1486.417 Thread 0x000000005d125000 DEOPT UNPACKING pc=0x00000000027f75d0 sp=0x000000006b8de3e0 mode 0
Event: 1486.417 Thread 0x000000005d125000 DEOPT PACKING pc=0x0000000005b98d22 sp=0x000000006b8de6e0
Event: 1486.417 Thread 0x000000005d125000 DEOPT UNPACKING pc=0x00000000027f75d0 sp=0x000000006b8de3e0 mode 0
Event: 1486.417 Thread 0x000000005d125000 DEOPT PACKING pc=0x0000000005b98d22 sp=0x000000006b8de690
Event: 1486.417 Thread 0x000000005d125000 DEOPT UNPACKING pc=0x00000000027f75d0 sp=0x000000006b8de390 mode 0
Event: 1486.417 Thread 0x000000005d125000 DEOPT PACKING pc=0x0000000005b98d22 sp=0x000000006b8de6e0
Event: 1486.417 Thread 0x000000005d125000 DEOPT UNPACKING pc=0x00000000027f75d0 sp=0x000000006b8de3e0 mode 0
Event: 1486.418 Thread 0x000000005d125000 DEOPT PACKING pc=0x0000000005b98d22 sp=0x000000006b8de6e0
Event: 1486.418 Thread 0x000000005d125000 DEOPT UNPACKING pc=0x00000000027f75d0 sp=0x000000006b8de3e0 mode 0


Dynamic libraries:
0x000000013fe20000 - 0x000000013fe51000 	C:\Program Files\Android\Android Studio\jre\bin\java.exe
0x0000000077230000 - 0x00000000773d9000 	C:\Windows\SYSTEM32\ntdll.dll
0x0000000077010000 - 0x000000007712f000 	C:\Windows\system32\kernel32.dll
0x000007fefd2d0000 - 0x000007fefd33b000 	C:\Windows\system32\KERNELBASE.dll
0x000007fefe630000 - 0x000007fefe70b000 	C:\Windows\system32\ADVAPI32.dll
0x000007fefe250000 - 0x000007fefe2ef000 	C:\Windows\system32\msvcrt.dll
0x000007fefd960000 - 0x000007fefd97f000 	C:\Windows\SYSTEM32\sechost.dll
0x000007fefe500000 - 0x000007fefe62d000 	C:\Windows\system32\RPCRT4.dll
0x0000000077130000 - 0x000000007722a000 	C:\Windows\system32\USER32.dll
0x000007fefde90000 - 0x000007fefdef7000 	C:\Windows\system32\GDI32.dll
0x000007fefe340000 - 0x000007fefe34e000 	C:\Windows\system32\LPK.dll
0x000007fefd660000 - 0x000007fefd729000 	C:\Windows\system32\USP10.dll
0x000007fefb990000 - 0x000007fefbb84000 	C:\Windows\WinSxS\amd64_microsoft.windows.common-controls_6595b64144ccf1df_6.0.7601.17514_none_fa396087175ac9ac\COMCTL32.dll
0x000007fefe480000 - 0x000007fefe4f1000 	C:\Windows\system32\SHLWAPI.dll
0x000007fefd730000 - 0x000007fefd75e000 	C:\Windows\system32\IMM32.DLL
0x000007fefd550000 - 0x000007fefd659000 	C:\Windows\system32\MSCTF.dll
0x0000000072ed0000 - 0x0000000072fa2000 	C:\Program Files\Android\Android Studio\jre\jre\bin\msvcr100.dll
0x000000006bbf0000 - 0x000000006c42f000 	C:\Program Files\Android\Android Studio\jre\jre\bin\server\jvm.dll
0x000007fefa8b0000 - 0x000007fefa8b9000 	C:\Windows\system32\WSOCK32.dll
0x000007fefe2f0000 - 0x000007fefe33d000 	C:\Windows\system32\WS2_32.dll
0x000007fefe160000 - 0x000007fefe168000 	C:\Windows\system32\NSI.dll
0x000007fefaf50000 - 0x000007fefaf8b000 	C:\Windows\system32\WINMM.dll
0x000007fefc2e0000 - 0x000007fefc2ec000 	C:\Windows\system32\VERSION.dll
0x00000000773f0000 - 0x00000000773f7000 	C:\Windows\system32\PSAPI.DLL
0x000007fefa8a0000 - 0x000007fefa8af000 	C:\Program Files\Android\Android Studio\jre\jre\bin\verify.dll
0x000007fefa870000 - 0x000007fefa899000 	C:\Program Files\Android\Android Studio\jre\jre\bin\java.dll
0x000007fefa850000 - 0x000007fefa866000 	C:\Program Files\Android\Android Studio\jre\jre\bin\zip.dll
0x000007fefe710000 - 0x000007feff498000 	C:\Windows\system32\SHELL32.dll
0x000007fefd9a0000 - 0x000007fefdba3000 	C:\Windows\system32\ole32.dll
0x000007fefd180000 - 0x000007fefd18f000 	C:\Windows\system32\profapi.dll
0x000007fefa830000 - 0x000007fefa84a000 	C:\Program Files\Android\Android Studio\jre\jre\bin\net.dll
0x000007fefc9b0000 - 0x000007fefca05000 	C:\Windows\system32\mswsock.dll
0x000007fefc9a0000 - 0x000007fefc9a7000 	C:\Windows\System32\wship6.dll
0x000007fefa810000 - 0x000007fefa821000 	C:\Program Files\Android\Android Studio\jre\jre\bin\nio.dll
0x000007fef6920000 - 0x000007fef693e000 	C:\Users\Administrator\.gradle\native\25\windows-amd64\native-platform.dll
0x000007fefa740000 - 0x000007fefa74d000 	C:\Program Files\Android\Android Studio\jre\jre\bin\management.dll
0x000007fefca10000 - 0x000007fefca27000 	C:\Windows\system32\CRYPTSP.dll
0x000007fefc710000 - 0x000007fefc757000 	C:\Windows\system32\rsaenh.dll
0x000007fefc4d0000 - 0x000007fefc4ee000 	C:\Windows\system32\USERENV.dll
0x000007fefd070000 - 0x000007fefd07f000 	C:\Windows\system32\CRYPTBASE.dll
0x000007fefb470000 - 0x000007fefb497000 	C:\Windows\system32\IPHLPAPI.DLL
0x000007fefb460000 - 0x000007fefb46b000 	C:\Windows\system32\WINNSI.DLL
0x000007fefb210000 - 0x000007fefb228000 	C:\Windows\system32\dhcpcsvc.DLL
0x000007fefb230000 - 0x000007fefb241000 	C:\Windows\system32\dhcpcsvc6.DLL
0x000007fef4130000 - 0x000007fef4154000 	C:\Program Files\Android\Android Studio\jre\jre\bin\sunec.dll
0x000007fefc3b0000 - 0x000007fefc3b7000 	C:\Windows\System32\wshtcpip.dll
0x000007fefc830000 - 0x000007fefc88b000 	C:\Windows\system32\DNSAPI.dll
0x000007fef9ca0000 - 0x000007fef9ca8000 	C:\Windows\system32\rasadhlp.dll
0x000007fefb260000 - 0x000007fefb2b3000 	C:\Windows\System32\fwpuclnt.dll
0x000007fefa6b0000 - 0x000007fefa6bb000 	C:\Program Files\Android\Android Studio\jre\jre\bin\sunmscapi.dll
0x000007fefd3a0000 - 0x000007fefd507000 	C:\Windows\system32\CRYPT32.dll
0x000007fefd220000 - 0x000007fefd22f000 	C:\Windows\system32\MSASN1.dll
0x000007fefd010000 - 0x000007fefd067000 	C:\Windows\system32\apphelp.dll
0x000007fee1870000 - 0x000007fee1a06000 	C:\Program Files\Android\Android Studio\jre\jre\bin\awt.dll
0x000007fefe170000 - 0x000007fefe247000 	C:\Windows\system32\OLEAUT32.dll
0x000007fef2d50000 - 0x000007fef2e32000 	C:\Windows\system32\d2d1.dll
0x000007fefab10000 - 0x000007fefab28000 	C:\Windows\system32\DWMAPI.DLL

VM Arguments:
jvm_args: -Xmx1536m -Dfile.encoding=windows-1252 -Duser.country=US -Duser.language=en -Duser.variant 
java_command: org.gradle.launcher.daemon.bootstrap.GradleDaemon 4.4
java_class_path (initial): C:\Users\Administrator\.gradle\wrapper\dists\gradle-4.4-all\9br9xq1tocpiv8o6njlyu5op1\gradle-4.4\lib\gradle-launcher-4.4.jar
Launcher Type: SUN_STANDARD

Environment Variables:
JAVA_HOME=C:\Program Files\Java\jdk1.8.0_181
PATH=C:\Windows\system32;C:\Windows;C:\Windows\System32\Wbem;C:\Windows\System32\WindowsPowerShell\v1.0\;C:\Program Files\Git\cmd;C:\Windows\system32\gs\gs8.71\bin;C:\Program Files\nodejs\;C:\Program Files\Java\jdk1.8.0_181\bin;F:\sdk\platform-tools;F:\sdk\tools;C:\Users\Administrator\AppData\Roaming\npm;C:\Users\Administrator\AppData\Local\Programs\Microsoft VS Code\bin
USERNAME=Administrator
OS=Windows_NT
PROCESSOR_IDENTIFIER=Intel64 Family 6 Model 60 Stepping 3, GenuineIntel



---------------  S Y S T E M  ---------------

OS: Windows 7 , 64 bit Build 7601 (6.1.7601.17514)

CPU:total 4 (initial active 4) (4 cores per cpu, 1 threads per core) family 6 model 60 stepping 3, cmov, cx8, fxsr, mmx, sse, sse2, sse3, ssse3, sse4.1, sse4.2, popcnt, avx, avx2, aes, clmul, erms, lzcnt, tsc, tscinvbit, bmi1, bmi2

Memory: 4k page, physical 8286412k(687336k free), swap 10381720k(6628k free)

vm_info: OpenJDK 64-Bit Server VM (25.152-b02) for windows-amd64 JRE (1.8.0_152-release-1024-b02), built by "builder" with MS VC++ 10.0 (VS2010)

time: Tue Oct 02 16:40:13 2018
elapsed time: 1486 seconds (0d 0h 24m 46s)

