#
# There is insufficient memory for the Java Runtime Environment to continue.
# Native memory allocation (mmap) failed to map 266338304 bytes for Failed to commit area from 0x0000000702000000 to 0x0000000711e00000 of length 266338304.
# Possible reasons:
#   The system is out of physical RAM or swap space
#   The process is running with CompressedOops enabled, and the Java Heap may be blocking the growth of the native heap
# Possible solutions:
#   Reduce memory load on the system
#   Increase physical memory or swap space
#   Check if swap backing store is full
#   Decrease Java heap size (-Xmx/-Xms)
#   Decrease number of Java threads
#   Decrease Java thread stack sizes (-Xss)
#   Set larger code cache with -XX:ReservedCodeCacheSize=
# This output file may be truncated or incomplete.
#
#  Out of Memory Error (./src/hotspot/os/windows/os_windows.cpp:3303), pid=11824, tid=668
#
# JRE version:  (11.0.8+10) (build )
# Java VM: OpenJDK 64-Bit Server VM (11.0.8+10-b944.6842174, mixed mode, sharing, tiered, compressed oops, g1 gc, windows-amd64)
# No core dump will be written. Minidumps are not enabled by default on client versions of Windows
#

---------------  S U M M A R Y ------------

Command Line: org.jetbrains.kotlin.cli.jvm.K2JVMCompiler @D:\DevProject\vtvtravel_android\app\build\20211108_17497714556141518518.compiler.options

Host: Intel(R) Core(TM) i7-7700HQ CPU @ 2.80GHz, 8 cores, 15G,  Windows 10 , 64 bit Build 19041 (10.0.19041.1202)
Time: Mon Nov  8 11:08:43 2021 SE Asia Standard Time elapsed time: 0 seconds (0d 0h 0m 0s)

---------------  T H R E A D  ---------------

Current thread (0x00000245b56cf000):  JavaThread "Unknown thread" [_thread_in_vm, id=668, stack(0x0000004977600000,0x0000004977700000)]

Stack: [0x0000004977600000,0x0000004977700000]
Native frames: (J=compiled Java code, j=interpreted, Vv=VM code, C=native code)
V  [jvm.dll+0x5de50a]
V  [jvm.dll+0x7122f5]
V  [jvm.dll+0x71384d]
V  [jvm.dll+0x713f03]
V  [jvm.dll+0x23e728]
V  [jvm.dll+0x5db9a4]
V  [jvm.dll+0x5d0ae5]
V  [jvm.dll+0x2fb20b]
V  [jvm.dll+0x2fb17a]
V  [jvm.dll+0x2fb052]
V  [jvm.dll+0x2fff16]
V  [jvm.dll+0x348743]
V  [jvm.dll+0x348e46]
V  [jvm.dll+0x348843]
V  [jvm.dll+0x2d5d68]
V  [jvm.dll+0x2d6f07]
V  [jvm.dll+0x6f11f7]
V  [jvm.dll+0x6f29ec]
V  [jvm.dll+0x355cb9]
V  [jvm.dll+0x6d4ade]
V  [jvm.dll+0x3bdfe3]
V  [jvm.dll+0x3c0201]
C  [jli.dll+0x5373]
C  [ucrtbase.dll+0x21bb2]
C  [KERNEL32.DLL+0x17034]
C  [ntdll.dll+0x52651]


---------------  P R O C E S S  ---------------

Threads class SMR info:
_java_thread_list=0x00000245b3552c90, length=0, elements={
}

Java Threads: ( => current thread )

Other Threads:
  0x00000245b5723000 GCTaskThread "GC Thread#0" [stack: 0x0000004977700000,0x0000004977800000] [id=16848]
  0x00000245b577f800 ConcurrentGCThread "G1 Main Marker" [stack: 0x0000004977800000,0x0000004977900000] [id=14920]
  0x00000245b5782000 ConcurrentGCThread "G1 Conc#0" [stack: 0x0000004977900000,0x0000004977a00000] [id=10056]

[error occurred during error reporting (printing all threads), id 0xc0000005, EXCEPTION_ACCESS_VIOLATION (0xc0000005) at pc=0x00007ffdab4c6357]

VM state:not at safepoint (not fully initialized)

VM Mutex/Monitor currently owned by a thread:  ([mutex/lock_event])
[0x00000245b56cbe90] Heap_lock - owner thread: 0x00000245b56cf000

Heap address: 0x0000000702000000, size: 4064 MB, Compressed Oops mode: Non-zero based: 0x0000000702000000
Narrow klass base: 0x0000000000000000, Narrow klass shift: 0

GC Heap History (0 events):
No events

Deoptimization events (0 events):
No events

Classes redefined (0 events):
No events

Internal exceptions (0 events):
No events

Events (1 events):
Event: 0.009 Loaded shared library C:\Program Files\Android\Android Studio\jre\bin\zip.dll


Dynamic libraries:
0x00007ff67c4f0000 - 0x00007ff67c4fa000 	C:\Program Files\Android\Android Studio\jre\bin\java.exe
0x00007ffe0a890000 - 0x00007ffe0aa85000 	C:\WINDOWS\SYSTEM32\ntdll.dll
0x00007ffe09e20000 - 0x00007ffe09ede000 	C:\WINDOWS\System32\KERNEL32.DLL
0x00007ffe082f0000 - 0x00007ffe085b9000 	C:\WINDOWS\System32\KERNELBASE.dll
0x00007ffe080c0000 - 0x00007ffe081c0000 	C:\WINDOWS\System32\ucrtbase.dll
0x00007ffe033f0000 - 0x00007ffe03409000 	C:\Program Files\Android\Android Studio\jre\bin\jli.dll
0x00007ffddee90000 - 0x00007ffddeea7000 	C:\Program Files\Android\Android Studio\jre\bin\VCRUNTIME140.dll
0x00007ffe08e60000 - 0x00007ffe09001000 	C:\WINDOWS\System32\USER32.dll
0x00007ffe088b0000 - 0x00007ffe088d2000 	C:\WINDOWS\System32\win32u.dll
0x00007ffdec1a0000 - 0x00007ffdec43a000 	C:\WINDOWS\WinSxS\amd64_microsoft.windows.common-controls_6595b64144ccf1df_6.0.19041.1110_none_60b5254171f9507e\COMCTL32.dll
0x00007ffe09770000 - 0x00007ffe0979b000 	C:\WINDOWS\System32\GDI32.dll
0x00007ffe09980000 - 0x00007ffe09a1e000 	C:\WINDOWS\System32\msvcrt.dll
0x00007ffe07fb0000 - 0x00007ffe080bb000 	C:\WINDOWS\System32\gdi32full.dll
0x00007ffe08810000 - 0x00007ffe088ad000 	C:\WINDOWS\System32\msvcp_win.dll
0x00007ffe097a0000 - 0x00007ffe097d0000 	C:\WINDOWS\System32\IMM32.DLL
0x00007ffdcb910000 - 0x00007ffdcb9ad000 	C:\Program Files\Android\Android Studio\jre\bin\msvcp140.dll
0x00007ffdab1e0000 - 0x00007ffdabc9c000 	C:\Program Files\Android\Android Studio\jre\bin\server\jvm.dll
0x00007ffe09b60000 - 0x00007ffe09c0c000 	C:\WINDOWS\System32\ADVAPI32.dll
0x00007ffe09670000 - 0x00007ffe0970b000 	C:\WINDOWS\System32\sechost.dll
0x00007ffe0a720000 - 0x00007ffe0a84a000 	C:\WINDOWS\System32\RPCRT4.dll
0x00007ffe09ae0000 - 0x00007ffe09ae8000 	C:\WINDOWS\System32\PSAPI.DLL
0x00007ffdfb8b0000 - 0x00007ffdfb8d7000 	C:\WINDOWS\SYSTEM32\WINMM.dll
0x00007ffdf91d0000 - 0x00007ffdf91d9000 	C:\WINDOWS\SYSTEM32\WSOCK32.dll
0x00007ffdff410000 - 0x00007ffdff41a000 	C:\WINDOWS\SYSTEM32\VERSION.dll
0x00007ffe09af0000 - 0x00007ffe09b5b000 	C:\WINDOWS\System32\WS2_32.dll
0x00007ffe06830000 - 0x00007ffe06842000 	C:\WINDOWS\SYSTEM32\kernel.appcore.dll
0x00007ffde6840000 - 0x00007ffde6851000 	C:\Program Files\Android\Android Studio\jre\bin\verify.dll
0x00007ffe06540000 - 0x00007ffe06724000 	C:\WINDOWS\SYSTEM32\DBGHELP.DLL
0x00007ffdedd70000 - 0x00007ffdedd9c000 	C:\WINDOWS\SYSTEM32\dbgcore.DLL
0x00007ffe08620000 - 0x00007ffe086a3000 	C:\WINDOWS\System32\bcryptPrimitives.dll
0x00007ffde6200000 - 0x00007ffde6229000 	C:\Program Files\Android\Android Studio\jre\bin\java.dll
0x00007ffe03430000 - 0x00007ffe0343b000 	C:\Program Files\Android\Android Studio\jre\bin\jimage.dll
0x00007ffde6820000 - 0x00007ffde6838000 	C:\Program Files\Android\Android Studio\jre\bin\zip.dll

dbghelp: loaded successfully - version: 4.0.5 - missing functions: none
symbol engine: initialized successfully - sym options: 0x614 - pdb path: .;C:\Program Files\Android\Android Studio\jre\bin;C:\WINDOWS\SYSTEM32;C:\WINDOWS\WinSxS\amd64_microsoft.windows.common-controls_6595b64144ccf1df_6.0.19041.1110_none_60b5254171f9507e;C:\Program Files\Android\Android Studio\jre\bin\server

VM Arguments:
java_command: org.jetbrains.kotlin.cli.jvm.K2JVMCompiler @D:\DevProject\vtvtravel_android\app\build\20211108_17497714556141518518.compiler.options
java_class_path (initial): C:\Users\Dell\.gradle\caches\modules-2\files-2.1\org.jetbrains.kotlin\kotlin-compiler-embeddable\1.4.10\38c4b99d5d5362debdd9302a866730379aa2328a\kotlin-compiler-embeddable-1.4.10.jar;C:\Users\Dell\.gradle\caches\modules-2\files-2.1\org.jetbrains.kotlin\kotlin-reflect\1.4.10\e2b3c6695eee6085e606d96d685396dce23a3a06\kotlin-reflect-1.4.10.jar;C:\Users\Dell\.gradle\caches\modules-2\files-2.1\org.jetbrains.kotlin\kotlin-stdlib\1.4.10\ea29e063d2bbe695be13e9d044dcfb0c7add398e\kotlin-stdlib-1.4.10.jar;C:\Users\Dell\.gradle\caches\modules-2\files-2.1\org.jetbrains.kotlin\kotlin-script-runtime\1.4.10\7c19d9c2001e016cd7664cebe9eea66fc04a7f4f\kotlin-script-runtime-1.4.10.jar;C:\Users\Dell\.gradle\caches\modules-2\files-2.1\org.jetbrains.kotlin\kotlin-daemon-embeddable\1.4.10\dbd67f42bed28043d17d7c860b06110a00a45970\kotlin-daemon-embeddable-1.4.10.jar;C:\Users\Dell\.gradle\caches\modules-2\files-2.1\org.jetbrains.intellij.deps\trove4j\1.0.20181211\216c2e14b070f334479d800987affe4054cd563f\trove4j-1.0.20181211.jar;C:\Users\Dell\.gradle\caches\modules-2\files-2.1\org.jetbrains.kotlin\kotlin-stdlib-common\1.4.10\6229be3465805c99db1142ad75e6c6ddeac0b04c\kotlin-stdlib-common-1.4.10.jar;C:\Users\Dell\.gradle\caches\modules-2\files-2.1\org.jetbrains\annotations\13.0\919f0dfe192fb4e063e7dacadee7f8bb9a2672a9\annotations-13.0.jar
Launcher Type: SUN_STANDARD

[Global flags]
     intx CICompilerCount                          = 4                                         {product} {ergonomic}
     uint ConcGCThreads                            = 2                                         {product} {ergonomic}
     uint G1ConcRefinementThreads                  = 8                                         {product} {ergonomic}
   size_t G1HeapRegionSize                         = 1048576                                   {product} {ergonomic}
    uintx GCDrainStackTargetSize                   = 64                                        {product} {ergonomic}
   size_t InitialHeapSize                          = 266338304                                 {product} {ergonomic}
   size_t MarkStackSize                            = 4194304                                   {product} {ergonomic}
   size_t MaxHeapSize                              = 4261412864                                {product} {ergonomic}
   size_t MinHeapDeltaBytes                        = 1048576                                   {product} {ergonomic}
    uintx NonNMethodCodeHeapSize                   = 5836300                                {pd product} {ergonomic}
    uintx NonProfiledCodeHeapSize                  = 122910970                              {pd product} {ergonomic}
    uintx ProfiledCodeHeapSize                     = 122910970                              {pd product} {ergonomic}
    uintx ReservedCodeCacheSize                    = 251658240                              {pd product} {ergonomic}
     bool SegmentedCodeCache                       = true                                      {product} {ergonomic}
     bool UseCompressedClassPointers               = true                                 {lp64_product} {ergonomic}
     bool UseCompressedOops                        = true                                 {lp64_product} {ergonomic}
     bool UseG1GC                                  = true                                      {product} {ergonomic}
     bool UseLargePagesIndividualAllocation        = false                                  {pd product} {ergonomic}

Logging:
Log output configuration:
 #0: stdout all=warning uptime,level,tags
 #1: stderr all=off uptime,level,tags

Environment Variables:
PATH=C:\Program Files (x86)\Common Files\Oracle\Java\javapath;C:\WINDOWS\system32;C:\WINDOWS;C:\WINDOWS\System32\Wbem;C:\WINDOWS\System32\WindowsPowerShell\v1.0\;C:\WINDOWS\System32\OpenSSH\;C:\Program Files\Git\cmd;C:\Program Files\nodejs\;C:\Users\Dell\AppData\Local\Microsoft\WindowsApps;;C:\Users\Dell\AppData\Local\Programs\Microsoft VS Code\bin;C:\Users\Dell\AppData\Roaming\npm
USERNAME=Dell
OS=Windows_NT
PROCESSOR_IDENTIFIER=Intel64 Family 6 Model 158 Stepping 9, GenuineIntel



---------------  S Y S T E M  ---------------

OS: Windows 10 , 64 bit Build 19041 (10.0.19041.1202)
OS uptime: 4 days 1:26 hours

CPU:total 8 (initial active 8) (4 cores per cpu, 2 threads per core) family 6 model 158 stepping 9, cmov, cx8, fxsr, mmx, sse, sse2, sse3, ssse3, sse4.1, sse4.2, popcnt, avx, avx2, aes, clmul, erms, 3dnowpref, lzcnt, ht, tsc, tscinvbit, bmi1, bmi2, adx, fma

Memory: 4k page, system-wide physical 16250M (1967M free)
TotalPageFile size 24483M (AvailPageFile size 220M)
current process WorkingSet (physical memory assigned to process): 10M, peak: 10M
current process commit charge ("private bytes"): 60M, peak: 314M

vm_info: OpenJDK 64-Bit Server VM (11.0.8+10-b944.6842174) for windows-amd64 JRE (11.0.8+10-b944.6842174), built on Sep 19 2020 01:11:42 by "builder" with MS VC++ 14.0 (VS2015)

END.
