#
# There is insufficient memory for the Java Runtime Environment to continue.
# Native memory allocation (malloc) failed to allocate 1284656 bytes for Chunk::new
# Possible reasons:
#   The system is out of physical RAM or swap space
#   The process is running with CompressedOops enabled, and the Java Heap may be blocking the growth of the native heap
# Possible solutions:
#   Reduce memory load on the system
#   Increase physical memory or swap space
#   Check if swap backing store is full
#   Decrease Java heap size (-Xmx/-Xms)
#   Decrease number of Java threads
#   Decrease Java thread stack sizes (-Xss)
#   Set larger code cache with -XX:ReservedCodeCacheSize=
#   JVM is running with Zero Based Compressed Oops mode in which the Java heap is
#     placed in the first 32GB address space. The Java Heap base address is the
#     maximum limit for the native heap growth. Please use -XX:HeapBaseMinAddress
#     to set the Java Heap base and to place the Java Heap above 32GB virtual address.
# This output file may be truncated or incomplete.
#
#  Out of Memory Error (./src/hotspot/share/memory/arena.cpp:197), pid=12192, tid=6108
#
# JRE version: OpenJDK Runtime Environment (11.0.8+10) (build 11.0.8+10-b944.6842174)
# Java VM: OpenJDK 64-Bit Server VM (11.0.8+10-b944.6842174, mixed mode, tiered, compressed oops, g1 gc, windows-amd64)
# No core dump will be written. Minidumps are not enabled by default on client versions of Windows
#

---------------  S U M M A R Y ------------

Command Line: org.jetbrains.kotlin.cli.jvm.K2JVMCompiler @D:\DevProject\vtvtravel_android\app\build\20211108_7435420333497305240.compiler.options

Host: Intel(R) Core(TM) i7-7700HQ CPU @ 2.80GHz, 8 cores, 15G,  Windows 10 , 64 bit Build 19041 (10.0.19041.1202)
Time: Mon Nov  8 11:53:56 2021 SE Asia Standard Time elapsed time: 26 seconds (0d 0h 0m 26s)

---------------  T H R E A D  ---------------

Current thread (0x0000021db4d0d800):  JavaThread "C2 CompilerThread0" daemon [_thread_in_native, id=6108, stack(0x00000067c9500000,0x00000067c9600000)]


Current CompileTask:
C2:  26017 12806       4       org.jetbrains.kotlin.types.TypeSubstitutor::unsafeSubstitute (769 bytes)

Stack: [0x00000067c9500000,0x00000067c9600000]
Native frames: (J=compiled Java code, j=interpreted, Vv=VM code, C=native code)
V  [jvm.dll+0x5de50a]
V  [jvm.dll+0x7122f5]
V  [jvm.dll+0x71384d]
V  [jvm.dll+0x713f03]
V  [jvm.dll+0x23e728]
V  [jvm.dll+0xb899c]
V  [jvm.dll+0xb8e9c]
V  [jvm.dll+0x35020b]
V  [jvm.dll+0x31dea3]
V  [jvm.dll+0x31d39a]
V  [jvm.dll+0x1f7702]
V  [jvm.dll+0x1f68d4]
V  [jvm.dll+0x17f32c]
V  [jvm.dll+0x205047]
V  [jvm.dll+0x203891]
V  [jvm.dll+0x6dad3f]
V  [jvm.dll+0x6d3895]
V  [jvm.dll+0x5dd4a6]
C  [ucrtbase.dll+0x21bb2]
C  [KERNEL32.DLL+0x17034]
C  [ntdll.dll+0x52651]


---------------  P R O C E S S  ---------------

Threads class SMR info:
_java_thread_list=0x0000021dbb246f70, length=12, elements={
0x0000021d94e2a800, 0x0000021db4465000, 0x0000021db4468000, 0x0000021db4d0a000,
0x0000021db4d0b800, 0x0000021db4d0d800, 0x0000021db4d10800, 0x0000021db4d60800,
0x0000021db4ead800, 0x0000021db4eb2000, 0x0000021db95c8800, 0x0000021db574e800
}

Java Threads: ( => current thread )
  0x0000021d94e2a800 JavaThread "main" [_thread_in_Java, id=5664, stack(0x00000067c8a00000,0x00000067c8b00000)]
  0x0000021db4465000 JavaThread "Reference Handler" daemon [_thread_blocked, id=11272, stack(0x00000067c9100000,0x00000067c9200000)]
  0x0000021db4468000 JavaThread "Finalizer" daemon [_thread_blocked, id=7076, stack(0x00000067c9200000,0x00000067c9300000)]
  0x0000021db4d0a000 JavaThread "Signal Dispatcher" daemon [_thread_blocked, id=6380, stack(0x00000067c9300000,0x00000067c9400000)]
  0x0000021db4d0b800 JavaThread "Attach Listener" daemon [_thread_blocked, id=16156, stack(0x00000067c9400000,0x00000067c9500000)]
=>0x0000021db4d0d800 JavaThread "C2 CompilerThread0" daemon [_thread_in_native, id=6108, stack(0x00000067c9500000,0x00000067c9600000)]
  0x0000021db4d10800 JavaThread "C1 CompilerThread0" daemon [_thread_in_vm_trans, id=7244, stack(0x00000067c9600000,0x00000067c9700000)]
  0x0000021db4d60800 JavaThread "Sweeper thread" daemon [_thread_blocked, id=16448, stack(0x00000067c9700000,0x00000067c9800000)]
  0x0000021db4ead800 JavaThread "Service Thread" daemon [_thread_blocked, id=12116, stack(0x00000067c9800000,0x00000067c9900000)]
  0x0000021db4eb2000 JavaThread "Common-Cleaner" daemon [_thread_blocked, id=9912, stack(0x00000067c9a00000,0x00000067c9b00000)]
  0x0000021db95c8800 JavaThread "C2 CompilerThread1" daemon [_thread_in_native, id=2600, stack(0x00000067ca100000,0x00000067ca200000)]
  0x0000021db574e800 JavaThread "C2 CompilerThread2" daemon [_thread_in_native, id=3216, stack(0x00000067ca600000,0x00000067ca700000)]

Other Threads:
  0x0000021db4461000 VMThread "VM Thread" [stack: 0x00000067c9000000,0x00000067c9100000] [id=15632]
  0x0000021db4eb9800 WatcherThread [stack: 0x00000067c9900000,0x00000067c9a00000] [id=6220]
  0x0000021d94e42000 GCTaskThread "GC Thread#0" [stack: 0x00000067c8b00000,0x00000067c8c00000] [id=7008]
  0x0000021db564c000 GCTaskThread "GC Thread#1" [stack: 0x00000067c9c00000,0x00000067c9d00000] [id=13320]
  0x0000021db564c800 GCTaskThread "GC Thread#2" [stack: 0x00000067c9d00000,0x00000067c9e00000] [id=6464]
  0x0000021db5653800 GCTaskThread "GC Thread#3" [stack: 0x00000067c9e00000,0x00000067c9f00000] [id=11356]
  0x0000021db5654800 GCTaskThread "GC Thread#4" [stack: 0x00000067c9f00000,0x00000067ca000000] [id=772]
  0x0000021db5655000 GCTaskThread "GC Thread#5" [stack: 0x00000067ca000000,0x00000067ca100000] [id=16780]
  0x0000021db9460800 GCTaskThread "GC Thread#6" [stack: 0x00000067ca700000,0x00000067ca800000] [id=13824]
  0x0000021d94e9e800 ConcurrentGCThread "G1 Main Marker" [stack: 0x00000067c8c00000,0x00000067c8d00000] [id=9368]
  0x0000021d94ea1000 ConcurrentGCThread "G1 Conc#0" [stack: 0x00000067c8d00000,0x00000067c8e00000] [id=7964]
  0x0000021db572d000 ConcurrentGCThread "G1 Conc#1" [stack: 0x00000067c9b00000,0x00000067c9c00000] [id=18016]
  0x0000021db431e800 ConcurrentGCThread "G1 Refine#0" [stack: 0x00000067c8e00000,0x00000067c8f00000] [id=4784]
  0x0000021db6089000 ConcurrentGCThread "G1 Refine#1" [stack: 0x00000067ca200000,0x00000067ca300000] [id=12476]
  0x0000021db5800000 ConcurrentGCThread "G1 Refine#2" [stack: 0x00000067ca300000,0x00000067ca400000] [id=11996]
  0x0000021db608f000 ConcurrentGCThread "G1 Refine#3" [stack: 0x00000067ca400000,0x00000067ca500000] [id=17356]
  0x0000021db8bd8000 ConcurrentGCThread "G1 Refine#4" [stack: 0x00000067ca500000,0x00000067ca600000] [id=11992]
  0x0000021db431f800 ConcurrentGCThread "G1 Young RemSet Sampling" [stack: 0x00000067c8f00000,0x00000067c9000000] [id=14752]

Threads with active compile tasks:
C2 CompilerThread0  26062 12806       4       org.jetbrains.kotlin.types.TypeSubstitutor::unsafeSubstitute (769 bytes)
C1 CompilerThread0  26062 12871       3       org.jetbrains.kotlin.load.java.structure.impl.JavaTypeImpl$1::visitClassType (6 bytes)
C2 CompilerThread1  26062 12822       4       org.jetbrains.kotlin.parsing.KotlinParsing::tryParseModifier (122 bytes)
C2 CompilerThread2  26062 12614       4       org.jetbrains.kotlin.resolve.calls.tower.TowerResolver$Task::process (48 bytes)

VM state:not at safepoint (normal execution)

VM Mutex/Monitor currently owned by a thread: None

Heap address: 0x0000000702000000, size: 4064 MB, Compressed Oops mode: Zero based, Oop shift amount: 3
Narrow klass base: 0x0000000800000000, Narrow klass shift: 0
Compressed class space size: 1073741824 Address: 0x0000000800000000

Heap:
 garbage-first heap   total 312320K, used 129024K [0x0000000702000000, 0x0000000800000000)
  region size 1024K, 51 young (52224K), 14 survivors (14336K)
 Metaspace       used 67780K, capacity 68593K, committed 68848K, reserved 1110016K
  class space    used 7651K, capacity 7979K, committed 8012K, reserved 1048576K
Heap Regions: E=young(eden), S=young(survivor), O=old, HS=humongous(starts), HC=humongous(continues), CS=collection set, F=free, A=archive, TAMS=top-at-mark-start (previous, next)
|   0|0x0000000702000000, 0x0000000702100000, 0x0000000702100000|100%|HS|  |TAMS 0x0000000702100000, 0x0000000702000000| Complete 
|   1|0x0000000702100000, 0x0000000702200000, 0x0000000702200000|100%|HC|  |TAMS 0x0000000702200000, 0x0000000702100000| Complete 
|   2|0x0000000702200000, 0x0000000702300000, 0x0000000702300000|100%|HC|  |TAMS 0x0000000702300000, 0x0000000702200000| Complete 
|   3|0x0000000702300000, 0x0000000702400000, 0x0000000702400000|100%| O|  |TAMS 0x0000000702400000, 0x0000000702300000| Untracked 
|   4|0x0000000702400000, 0x0000000702500000, 0x0000000702500000|100%| O|  |TAMS 0x0000000702500000, 0x0000000702400000| Untracked 
|   5|0x0000000702500000, 0x0000000702600000, 0x0000000702600000|100%| O|  |TAMS 0x0000000702600000, 0x0000000702500000| Untracked 
|   6|0x0000000702600000, 0x0000000702700000, 0x0000000702700000|100%| O|  |TAMS 0x0000000702700000, 0x0000000702600000| Untracked 
|   7|0x0000000702700000, 0x0000000702800000, 0x0000000702800000|100%|HS|  |TAMS 0x0000000702800000, 0x0000000702700000| Complete 
|   8|0x0000000702800000, 0x0000000702900000, 0x0000000702900000|100%|HC|  |TAMS 0x0000000702900000, 0x0000000702800000| Complete 
|   9|0x0000000702900000, 0x0000000702a00000, 0x0000000702a00000|100%| O|  |TAMS 0x0000000702a00000, 0x0000000702900000| Untracked 
|  10|0x0000000702a00000, 0x0000000702b00000, 0x0000000702b00000|100%| O|  |TAMS 0x0000000702b00000, 0x0000000702a00000| Untracked 
|  11|0x0000000702b00000, 0x0000000702c00000, 0x0000000702c00000|100%| O|  |TAMS 0x0000000702c00000, 0x0000000702b00000| Untracked 
|  12|0x0000000702c00000, 0x0000000702d00000, 0x0000000702d00000|100%| O|  |TAMS 0x0000000702d00000, 0x0000000702c00000| Untracked 
|  13|0x0000000702d00000, 0x0000000702e00000, 0x0000000702e00000|100%| O|  |TAMS 0x0000000702e00000, 0x0000000702d00000| Untracked 
|  14|0x0000000702e00000, 0x0000000702f00000, 0x0000000702f00000|100%| O|  |TAMS 0x0000000702f00000, 0x0000000702e00000| Untracked 
|  15|0x0000000702f00000, 0x0000000703000000, 0x0000000703000000|100%| O|  |TAMS 0x0000000703000000, 0x0000000702f00000| Untracked 
|  16|0x0000000703000000, 0x0000000703100000, 0x0000000703100000|100%| O|  |TAMS 0x0000000703100000, 0x0000000703000000| Untracked 
|  17|0x0000000703100000, 0x0000000703200000, 0x0000000703200000|100%| O|  |TAMS 0x0000000703200000, 0x0000000703100000| Untracked 
|  18|0x0000000703200000, 0x0000000703300000, 0x0000000703300000|100%| O|  |TAMS 0x0000000703300000, 0x0000000703200000| Untracked 
|  19|0x0000000703300000, 0x0000000703400000, 0x0000000703400000|100%| O|  |TAMS 0x0000000703400000, 0x0000000703300000| Untracked 
|  20|0x0000000703400000, 0x0000000703500000, 0x0000000703500000|100%| O|  |TAMS 0x0000000703500000, 0x0000000703400000| Untracked 
|  21|0x0000000703500000, 0x0000000703600000, 0x0000000703600000|100%| O|  |TAMS 0x0000000703600000, 0x0000000703500000| Untracked 
|  22|0x0000000703600000, 0x0000000703700000, 0x0000000703700000|100%| O|  |TAMS 0x0000000703700000, 0x0000000703600000| Untracked 
|  23|0x0000000703700000, 0x0000000703800000, 0x0000000703800000|100%| O|  |TAMS 0x0000000703800000, 0x0000000703700000| Untracked 
|  24|0x0000000703800000, 0x0000000703900000, 0x0000000703900000|100%| O|  |TAMS 0x0000000703900000, 0x0000000703800000| Untracked 
|  25|0x0000000703900000, 0x0000000703a00000, 0x0000000703a00000|100%| O|  |TAMS 0x0000000703a00000, 0x0000000703900000| Untracked 
|  26|0x0000000703a00000, 0x0000000703b00000, 0x0000000703b00000|100%| O|  |TAMS 0x0000000703b00000, 0x0000000703a00000| Untracked 
|  27|0x0000000703b00000, 0x0000000703c00000, 0x0000000703c00000|100%| O|  |TAMS 0x0000000703c00000, 0x0000000703b00000| Untracked 
|  28|0x0000000703c00000, 0x0000000703d00000, 0x0000000703d00000|100%| O|  |TAMS 0x0000000703d00000, 0x0000000703c00000| Untracked 
|  29|0x0000000703d00000, 0x0000000703e00000, 0x0000000703e00000|100%| O|  |TAMS 0x0000000703e00000, 0x0000000703d00000| Untracked 
|  30|0x0000000703e00000, 0x0000000703f00000, 0x0000000703f00000|100%| O|  |TAMS 0x0000000703f00000, 0x0000000703e00000| Untracked 
|  31|0x0000000703f00000, 0x0000000704000000, 0x0000000704000000|100%| O|  |TAMS 0x0000000704000000, 0x0000000703f00000| Untracked 
|  32|0x0000000704000000, 0x0000000704100000, 0x0000000704100000|100%| O|  |TAMS 0x0000000704100000, 0x0000000704000000| Untracked 
|  33|0x0000000704100000, 0x0000000704200000, 0x0000000704200000|100%| O|  |TAMS 0x0000000704200000, 0x0000000704100000| Untracked 
|  34|0x0000000704200000, 0x0000000704300000, 0x0000000704300000|100%| O|  |TAMS 0x0000000704300000, 0x0000000704200000| Untracked 
|  35|0x0000000704300000, 0x0000000704400000, 0x0000000704400000|100%| O|  |TAMS 0x0000000704400000, 0x0000000704300000| Untracked 
|  36|0x0000000704400000, 0x0000000704500000, 0x0000000704500000|100%| O|  |TAMS 0x0000000704500000, 0x0000000704400000| Untracked 
|  37|0x0000000704500000, 0x0000000704600000, 0x0000000704600000|100%| O|  |TAMS 0x0000000704600000, 0x0000000704500000| Untracked 
|  38|0x0000000704600000, 0x0000000704700000, 0x0000000704700000|100%| O|  |TAMS 0x0000000704700000, 0x0000000704600000| Untracked 
|  39|0x0000000704700000, 0x0000000704800000, 0x0000000704800000|100%| O|  |TAMS 0x0000000704800000, 0x0000000704700000| Untracked 
|  40|0x0000000704800000, 0x0000000704900000, 0x0000000704900000|100%| O|  |TAMS 0x0000000704900000, 0x0000000704800000| Untracked 
|  41|0x0000000704900000, 0x0000000704a00000, 0x0000000704a00000|100%| O|  |TAMS 0x0000000704a00000, 0x0000000704900000| Untracked 
|  42|0x0000000704a00000, 0x0000000704b00000, 0x0000000704b00000|100%| O|  |TAMS 0x0000000704b00000, 0x0000000704a00000| Untracked 
|  43|0x0000000704b00000, 0x0000000704c00000, 0x0000000704c00000|100%| O|  |TAMS 0x0000000704c00000, 0x0000000704b00000| Untracked 
|  44|0x0000000704c00000, 0x0000000704d00000, 0x0000000704d00000|100%| O|  |TAMS 0x0000000704d00000, 0x0000000704c00000| Untracked 
|  45|0x0000000704d00000, 0x0000000704e00000, 0x0000000704e00000|100%| O|  |TAMS 0x0000000704e00000, 0x0000000704d00000| Untracked 
|  46|0x0000000704e00000, 0x0000000704f00000, 0x0000000704f00000|100%| O|  |TAMS 0x0000000704f00000, 0x0000000704e00000| Untracked 
|  47|0x0000000704f00000, 0x0000000705000000, 0x0000000705000000|100%| O|  |TAMS 0x0000000705000000, 0x0000000704f00000| Untracked 
|  48|0x0000000705000000, 0x0000000705100000, 0x0000000705100000|100%| O|  |TAMS 0x0000000705100000, 0x0000000705000000| Untracked 
|  49|0x0000000705100000, 0x0000000705200000, 0x0000000705200000|100%| O|  |TAMS 0x0000000705200000, 0x0000000705100000| Untracked 
|  50|0x0000000705200000, 0x0000000705300000, 0x0000000705300000|100%| O|  |TAMS 0x0000000705300000, 0x0000000705200000| Untracked 
|  51|0x0000000705300000, 0x0000000705400000, 0x0000000705400000|100%| O|  |TAMS 0x0000000705400000, 0x0000000705300000| Untracked 
|  52|0x0000000705400000, 0x0000000705500000, 0x0000000705500000|100%| O|  |TAMS 0x0000000705500000, 0x0000000705400000| Untracked 
|  53|0x0000000705500000, 0x0000000705600000, 0x0000000705600000|100%| O|  |TAMS 0x0000000705600000, 0x0000000705500000| Untracked 
|  54|0x0000000705600000, 0x0000000705700000, 0x0000000705700000|100%| O|  |TAMS 0x0000000705700000, 0x0000000705600000| Untracked 
|  55|0x0000000705700000, 0x0000000705800000, 0x0000000705800000|100%| O|  |TAMS 0x0000000705800000, 0x0000000705700000| Untracked 
|  56|0x0000000705800000, 0x0000000705900000, 0x0000000705900000|100%| O|  |TAMS 0x0000000705900000, 0x0000000705800000| Untracked 
|  57|0x0000000705900000, 0x0000000705a00000, 0x0000000705a00000|100%| O|  |TAMS 0x0000000705a00000, 0x0000000705900000| Untracked 
|  58|0x0000000705a00000, 0x0000000705b00000, 0x0000000705b00000|100%| O|  |TAMS 0x0000000705b00000, 0x0000000705a00000| Untracked 
|  59|0x0000000705b00000, 0x0000000705c00000, 0x0000000705c00000|100%| O|  |TAMS 0x0000000705c00000, 0x0000000705b00000| Untracked 
|  60|0x0000000705c00000, 0x0000000705d00000, 0x0000000705d00000|100%| O|  |TAMS 0x0000000705d00000, 0x0000000705c00000| Untracked 
|  61|0x0000000705d00000, 0x0000000705e00000, 0x0000000705e00000|100%| O|  |TAMS 0x0000000705e00000, 0x0000000705d00000| Untracked 
|  62|0x0000000705e00000, 0x0000000705f00000, 0x0000000705f00000|100%| O|  |TAMS 0x0000000705f00000, 0x0000000705e00000| Untracked 
|  63|0x0000000705f00000, 0x0000000706000000, 0x0000000706000000|100%| O|  |TAMS 0x0000000706000000, 0x0000000705f00000| Untracked 
|  64|0x0000000706000000, 0x0000000706100000, 0x0000000706100000|100%| O|  |TAMS 0x0000000706100000, 0x0000000706000000| Untracked 
|  65|0x0000000706100000, 0x0000000706200000, 0x0000000706200000|100%| O|  |TAMS 0x0000000706200000, 0x0000000706100000| Untracked 
|  66|0x0000000706200000, 0x0000000706300000, 0x0000000706300000|100%| O|  |TAMS 0x0000000706300000, 0x0000000706200000| Untracked 
|  67|0x0000000706300000, 0x0000000706400000, 0x0000000706400000|100%|HS|  |TAMS 0x0000000706400000, 0x0000000706300000| Complete 
|  68|0x0000000706400000, 0x0000000706500000, 0x0000000706500000|100%|HC|  |TAMS 0x0000000706500000, 0x0000000706400000| Complete 
|  69|0x0000000706500000, 0x0000000706500000, 0x0000000706600000|  0%| F|  |TAMS 0x0000000706500000, 0x0000000706500000| Untracked 
|  70|0x0000000706600000, 0x0000000706700000, 0x0000000706700000|100%| O|  |TAMS 0x0000000706700000, 0x0000000706600000| Untracked 
|  71|0x0000000706700000, 0x0000000706800000, 0x0000000706800000|100%| O|  |TAMS 0x0000000706800000, 0x0000000706700000| Untracked 
|  72|0x0000000706800000, 0x0000000706900000, 0x0000000706900000|100%| O|  |TAMS 0x0000000706900000, 0x0000000706800000| Untracked 
|  73|0x0000000706900000, 0x0000000706a00000, 0x0000000706a00000|100%| O|  |TAMS 0x0000000706a00000, 0x0000000706900000| Untracked 
|  74|0x0000000706a00000, 0x0000000706b00000, 0x0000000706b00000|100%| O|  |TAMS 0x0000000706b00000, 0x0000000706a00000| Untracked 
|  75|0x0000000706b00000, 0x0000000706c00000, 0x0000000706c00000|100%| O|  |TAMS 0x0000000706c00000, 0x0000000706b00000| Untracked 
|  76|0x0000000706c00000, 0x0000000706d00000, 0x0000000706d00000|100%| O|  |TAMS 0x0000000706d00000, 0x0000000706c00000| Untracked 
|  77|0x0000000706d00000, 0x0000000706d00000, 0x0000000706e00000|  0%| F|  |TAMS 0x0000000706d00000, 0x0000000706d00000| Untracked 
|  78|0x0000000706e00000, 0x0000000706e00000, 0x0000000706f00000|  0%| F|  |TAMS 0x0000000706e00000, 0x0000000706e00000| Untracked 
|  79|0x0000000706f00000, 0x0000000706f00000, 0x0000000707000000|  0%| F|  |TAMS 0x0000000706f00000, 0x0000000706f00000| Untracked 
|  80|0x0000000707000000, 0x0000000707000000, 0x0000000707100000|  0%| F|  |TAMS 0x0000000707000000, 0x0000000707000000| Untracked 
|  81|0x0000000707100000, 0x0000000707100000, 0x0000000707200000|  0%| F|  |TAMS 0x0000000707100000, 0x0000000707100000| Untracked 
|  82|0x0000000707200000, 0x0000000707200000, 0x0000000707300000|  0%| F|  |TAMS 0x0000000707200000, 0x0000000707200000| Untracked 
|  83|0x0000000707300000, 0x0000000707300000, 0x0000000707400000|  0%| F|  |TAMS 0x0000000707300000, 0x0000000707300000| Untracked 
|  84|0x0000000707400000, 0x0000000707400000, 0x0000000707500000|  0%| F|  |TAMS 0x0000000707400000, 0x0000000707400000| Untracked 
|  85|0x0000000707500000, 0x0000000707500000, 0x0000000707600000|  0%| F|  |TAMS 0x0000000707500000, 0x0000000707500000| Untracked 
|  86|0x0000000707600000, 0x0000000707600000, 0x0000000707700000|  0%| F|  |TAMS 0x0000000707600000, 0x0000000707600000| Untracked 
|  87|0x0000000707700000, 0x0000000707700000, 0x0000000707800000|  0%| F|  |TAMS 0x0000000707700000, 0x0000000707700000| Untracked 
|  88|0x0000000707800000, 0x0000000707800000, 0x0000000707900000|  0%| F|  |TAMS 0x0000000707800000, 0x0000000707800000| Untracked 
|  89|0x0000000707900000, 0x0000000707900000, 0x0000000707a00000|  0%| F|  |TAMS 0x0000000707900000, 0x0000000707900000| Untracked 
|  90|0x0000000707a00000, 0x0000000707a00000, 0x0000000707b00000|  0%| F|  |TAMS 0x0000000707a00000, 0x0000000707a00000| Untracked 
|  91|0x0000000707b00000, 0x0000000707b00000, 0x0000000707c00000|  0%| F|  |TAMS 0x0000000707b00000, 0x0000000707b00000| Untracked 
|  92|0x0000000707c00000, 0x0000000707c00000, 0x0000000707d00000|  0%| F|  |TAMS 0x0000000707c00000, 0x0000000707c00000| Untracked 
|  93|0x0000000707d00000, 0x0000000707d00000, 0x0000000707e00000|  0%| F|  |TAMS 0x0000000707d00000, 0x0000000707d00000| Untracked 
|  94|0x0000000707e00000, 0x0000000707e00000, 0x0000000707f00000|  0%| F|  |TAMS 0x0000000707e00000, 0x0000000707e00000| Untracked 
|  95|0x0000000707f00000, 0x0000000707f00000, 0x0000000708000000|  0%| F|  |TAMS 0x0000000707f00000, 0x0000000707f00000| Untracked 
|  96|0x0000000708000000, 0x0000000708000000, 0x0000000708100000|  0%| F|  |TAMS 0x0000000708000000, 0x0000000708000000| Untracked 
|  97|0x0000000708100000, 0x0000000708100000, 0x0000000708200000|  0%| F|  |TAMS 0x0000000708100000, 0x0000000708100000| Untracked 
|  98|0x0000000708200000, 0x0000000708200000, 0x0000000708300000|  0%| F|  |TAMS 0x0000000708200000, 0x0000000708200000| Untracked 
|  99|0x0000000708300000, 0x0000000708300000, 0x0000000708400000|  0%| F|  |TAMS 0x0000000708300000, 0x0000000708300000| Untracked 
| 100|0x0000000708400000, 0x0000000708400000, 0x0000000708500000|  0%| F|  |TAMS 0x0000000708400000, 0x0000000708400000| Untracked 
| 101|0x0000000708500000, 0x0000000708500000, 0x0000000708600000|  0%| F|  |TAMS 0x0000000708500000, 0x0000000708500000| Untracked 
| 102|0x0000000708600000, 0x0000000708600000, 0x0000000708700000|  0%| F|  |TAMS 0x0000000708600000, 0x0000000708600000| Untracked 
| 103|0x0000000708700000, 0x0000000708700000, 0x0000000708800000|  0%| F|  |TAMS 0x0000000708700000, 0x0000000708700000| Untracked 
| 104|0x0000000708800000, 0x0000000708800000, 0x0000000708900000|  0%| F|  |TAMS 0x0000000708800000, 0x0000000708800000| Untracked 
| 105|0x0000000708900000, 0x0000000708900000, 0x0000000708a00000|  0%| F|  |TAMS 0x0000000708900000, 0x0000000708900000| Untracked 
| 106|0x0000000708a00000, 0x0000000708a00000, 0x0000000708b00000|  0%| F|  |TAMS 0x0000000708a00000, 0x0000000708a00000| Untracked 
| 107|0x0000000708b00000, 0x0000000708b00000, 0x0000000708c00000|  0%| F|  |TAMS 0x0000000708b00000, 0x0000000708b00000| Untracked 
| 108|0x0000000708c00000, 0x0000000708c00000, 0x0000000708d00000|  0%| F|  |TAMS 0x0000000708c00000, 0x0000000708c00000| Untracked 
| 109|0x0000000708d00000, 0x0000000708d00000, 0x0000000708e00000|  0%| F|  |TAMS 0x0000000708d00000, 0x0000000708d00000| Untracked 
| 110|0x0000000708e00000, 0x0000000708e00000, 0x0000000708f00000|  0%| F|  |TAMS 0x0000000708e00000, 0x0000000708e00000| Untracked 
| 111|0x0000000708f00000, 0x0000000708f00000, 0x0000000709000000|  0%| F|  |TAMS 0x0000000708f00000, 0x0000000708f00000| Untracked 
| 112|0x0000000709000000, 0x0000000709000000, 0x0000000709100000|  0%| F|  |TAMS 0x0000000709000000, 0x0000000709000000| Untracked 
| 113|0x0000000709100000, 0x0000000709100000, 0x0000000709200000|  0%| F|  |TAMS 0x0000000709100000, 0x0000000709100000| Untracked 
| 114|0x0000000709200000, 0x0000000709200000, 0x0000000709300000|  0%| F|  |TAMS 0x0000000709200000, 0x0000000709200000| Untracked 
| 115|0x0000000709300000, 0x0000000709300000, 0x0000000709400000|  0%| F|  |TAMS 0x0000000709300000, 0x0000000709300000| Untracked 
| 116|0x0000000709400000, 0x0000000709400000, 0x0000000709500000|  0%| F|  |TAMS 0x0000000709400000, 0x0000000709400000| Untracked 
| 117|0x0000000709500000, 0x0000000709500000, 0x0000000709600000|  0%| F|  |TAMS 0x0000000709500000, 0x0000000709500000| Untracked 
| 118|0x0000000709600000, 0x0000000709600000, 0x0000000709700000|  0%| F|  |TAMS 0x0000000709600000, 0x0000000709600000| Untracked 
| 119|0x0000000709700000, 0x0000000709700000, 0x0000000709800000|  0%| F|  |TAMS 0x0000000709700000, 0x0000000709700000| Untracked 
| 120|0x0000000709800000, 0x0000000709800000, 0x0000000709900000|  0%| F|  |TAMS 0x0000000709800000, 0x0000000709800000| Untracked 
| 121|0x0000000709900000, 0x0000000709900000, 0x0000000709a00000|  0%| F|  |TAMS 0x0000000709900000, 0x0000000709900000| Untracked 
| 122|0x0000000709a00000, 0x0000000709a00000, 0x0000000709b00000|  0%| F|  |TAMS 0x0000000709a00000, 0x0000000709a00000| Untracked 
| 123|0x0000000709b00000, 0x0000000709b00000, 0x0000000709c00000|  0%| F|  |TAMS 0x0000000709b00000, 0x0000000709b00000| Untracked 
| 124|0x0000000709c00000, 0x0000000709c00000, 0x0000000709d00000|  0%| F|  |TAMS 0x0000000709c00000, 0x0000000709c00000| Untracked 
| 125|0x0000000709d00000, 0x0000000709d00000, 0x0000000709e00000|  0%| F|  |TAMS 0x0000000709d00000, 0x0000000709d00000| Untracked 
| 126|0x0000000709e00000, 0x0000000709e00000, 0x0000000709f00000|  0%| F|  |TAMS 0x0000000709e00000, 0x0000000709e00000| Untracked 
| 127|0x0000000709f00000, 0x0000000709f00000, 0x000000070a000000|  0%| F|  |TAMS 0x0000000709f00000, 0x0000000709f00000| Untracked 
| 128|0x000000070a000000, 0x000000070a000000, 0x000000070a100000|  0%| F|  |TAMS 0x000000070a000000, 0x000000070a000000| Untracked 
| 129|0x000000070a100000, 0x000000070a100000, 0x000000070a200000|  0%| F|  |TAMS 0x000000070a100000, 0x000000070a100000| Untracked 
| 130|0x000000070a200000, 0x000000070a200000, 0x000000070a300000|  0%| F|  |TAMS 0x000000070a200000, 0x000000070a200000| Untracked 
| 131|0x000000070a300000, 0x000000070a300000, 0x000000070a400000|  0%| F|  |TAMS 0x000000070a300000, 0x000000070a300000| Untracked 
| 132|0x000000070a400000, 0x000000070a400000, 0x000000070a500000|  0%| F|  |TAMS 0x000000070a400000, 0x000000070a400000| Untracked 
| 133|0x000000070a500000, 0x000000070a500000, 0x000000070a600000|  0%| F|  |TAMS 0x000000070a500000, 0x000000070a500000| Untracked 
| 134|0x000000070a600000, 0x000000070a600000, 0x000000070a700000|  0%| F|  |TAMS 0x000000070a600000, 0x000000070a600000| Untracked 
| 135|0x000000070a700000, 0x000000070a700000, 0x000000070a800000|  0%| F|  |TAMS 0x000000070a700000, 0x000000070a700000| Untracked 
| 136|0x000000070a800000, 0x000000070a800000, 0x000000070a900000|  0%| F|  |TAMS 0x000000070a800000, 0x000000070a800000| Untracked 
| 137|0x000000070a900000, 0x000000070a900000, 0x000000070aa00000|  0%| F|  |TAMS 0x000000070a900000, 0x000000070a900000| Untracked 
| 138|0x000000070aa00000, 0x000000070aa00000, 0x000000070ab00000|  0%| F|  |TAMS 0x000000070aa00000, 0x000000070aa00000| Untracked 
| 139|0x000000070ab00000, 0x000000070ab00000, 0x000000070ac00000|  0%| F|  |TAMS 0x000000070ab00000, 0x000000070ab00000| Untracked 
| 140|0x000000070ac00000, 0x000000070ac00000, 0x000000070ad00000|  0%| F|  |TAMS 0x000000070ac00000, 0x000000070ac00000| Untracked 
| 141|0x000000070ad00000, 0x000000070ad00000, 0x000000070ae00000|  0%| F|  |TAMS 0x000000070ad00000, 0x000000070ad00000| Untracked 
| 142|0x000000070ae00000, 0x000000070ae00000, 0x000000070af00000|  0%| F|  |TAMS 0x000000070ae00000, 0x000000070ae00000| Untracked 
| 143|0x000000070af00000, 0x000000070af00000, 0x000000070b000000|  0%| F|  |TAMS 0x000000070af00000, 0x000000070af00000| Untracked 
| 144|0x000000070b000000, 0x000000070b000000, 0x000000070b100000|  0%| F|  |TAMS 0x000000070b000000, 0x000000070b000000| Untracked 
| 145|0x000000070b100000, 0x000000070b100000, 0x000000070b200000|  0%| F|  |TAMS 0x000000070b100000, 0x000000070b100000| Untracked 
| 146|0x000000070b200000, 0x000000070b200000, 0x000000070b300000|  0%| F|  |TAMS 0x000000070b200000, 0x000000070b200000| Untracked 
| 147|0x000000070b300000, 0x000000070b300000, 0x000000070b400000|  0%| F|  |TAMS 0x000000070b300000, 0x000000070b300000| Untracked 
| 148|0x000000070b400000, 0x000000070b400000, 0x000000070b500000|  0%| F|  |TAMS 0x000000070b400000, 0x000000070b400000| Untracked 
| 149|0x000000070b500000, 0x000000070b500000, 0x000000070b600000|  0%| F|  |TAMS 0x000000070b500000, 0x000000070b500000| Untracked 
| 150|0x000000070b600000, 0x000000070b600000, 0x000000070b700000|  0%| F|  |TAMS 0x000000070b600000, 0x000000070b600000| Untracked 
| 151|0x000000070b700000, 0x000000070b700000, 0x000000070b800000|  0%| F|  |TAMS 0x000000070b700000, 0x000000070b700000| Untracked 
| 152|0x000000070b800000, 0x000000070b800000, 0x000000070b900000|  0%| F|  |TAMS 0x000000070b800000, 0x000000070b800000| Untracked 
| 153|0x000000070b900000, 0x000000070b900000, 0x000000070ba00000|  0%| F|  |TAMS 0x000000070b900000, 0x000000070b900000| Untracked 
| 154|0x000000070ba00000, 0x000000070ba00000, 0x000000070bb00000|  0%| F|  |TAMS 0x000000070ba00000, 0x000000070ba00000| Untracked 
| 155|0x000000070bb00000, 0x000000070bb00000, 0x000000070bc00000|  0%| F|  |TAMS 0x000000070bb00000, 0x000000070bb00000| Untracked 
| 156|0x000000070bc00000, 0x000000070bc00000, 0x000000070bd00000|  0%| F|  |TAMS 0x000000070bc00000, 0x000000070bc00000| Untracked 
| 157|0x000000070bd00000, 0x000000070bd00000, 0x000000070be00000|  0%| F|  |TAMS 0x000000070bd00000, 0x000000070bd00000| Untracked 
| 158|0x000000070be00000, 0x000000070be00000, 0x000000070bf00000|  0%| F|  |TAMS 0x000000070be00000, 0x000000070be00000| Untracked 
| 159|0x000000070bf00000, 0x000000070bf00000, 0x000000070c000000|  0%| F|  |TAMS 0x000000070bf00000, 0x000000070bf00000| Untracked 
| 160|0x000000070c000000, 0x000000070c000000, 0x000000070c100000|  0%| F|  |TAMS 0x000000070c000000, 0x000000070c000000| Untracked 
| 161|0x000000070c100000, 0x000000070c100000, 0x000000070c200000|  0%| F|  |TAMS 0x000000070c100000, 0x000000070c100000| Untracked 
| 162|0x000000070c200000, 0x000000070c200000, 0x000000070c300000|  0%| F|  |TAMS 0x000000070c200000, 0x000000070c200000| Untracked 
| 163|0x000000070c300000, 0x000000070c300000, 0x000000070c400000|  0%| F|  |TAMS 0x000000070c300000, 0x000000070c300000| Untracked 
| 164|0x000000070c400000, 0x000000070c400000, 0x000000070c500000|  0%| F|  |TAMS 0x000000070c400000, 0x000000070c400000| Untracked 
| 165|0x000000070c500000, 0x000000070c500000, 0x000000070c600000|  0%| F|  |TAMS 0x000000070c500000, 0x000000070c500000| Untracked 
| 166|0x000000070c600000, 0x000000070c600000, 0x000000070c700000|  0%| F|  |TAMS 0x000000070c600000, 0x000000070c600000| Untracked 
| 167|0x000000070c700000, 0x000000070c700000, 0x000000070c800000|  0%| F|  |TAMS 0x000000070c700000, 0x000000070c700000| Untracked 
| 168|0x000000070c800000, 0x000000070c800000, 0x000000070c900000|  0%| F|  |TAMS 0x000000070c800000, 0x000000070c800000| Untracked 
| 169|0x000000070c900000, 0x000000070c900000, 0x000000070ca00000|  0%| F|  |TAMS 0x000000070c900000, 0x000000070c900000| Untracked 
| 170|0x000000070ca00000, 0x000000070ca00000, 0x000000070cb00000|  0%| F|  |TAMS 0x000000070ca00000, 0x000000070ca00000| Untracked 
| 171|0x000000070cb00000, 0x000000070cb00000, 0x000000070cc00000|  0%| F|  |TAMS 0x000000070cb00000, 0x000000070cb00000| Untracked 
| 172|0x000000070cc00000, 0x000000070cc00000, 0x000000070cd00000|  0%| F|  |TAMS 0x000000070cc00000, 0x000000070cc00000| Untracked 
| 173|0x000000070cd00000, 0x000000070cd00000, 0x000000070ce00000|  0%| F|  |TAMS 0x000000070cd00000, 0x000000070cd00000| Untracked 
| 174|0x000000070ce00000, 0x000000070ce00000, 0x000000070cf00000|  0%| F|  |TAMS 0x000000070ce00000, 0x000000070ce00000| Untracked 
| 175|0x000000070cf00000, 0x000000070cf00000, 0x000000070d000000|  0%| F|  |TAMS 0x000000070cf00000, 0x000000070cf00000| Untracked 
| 176|0x000000070d000000, 0x000000070d000000, 0x000000070d100000|  0%| F|  |TAMS 0x000000070d000000, 0x000000070d000000| Untracked 
| 177|0x000000070d100000, 0x000000070d100000, 0x000000070d200000|  0%| F|  |TAMS 0x000000070d100000, 0x000000070d100000| Untracked 
| 178|0x000000070d200000, 0x000000070d200000, 0x000000070d300000|  0%| F|  |TAMS 0x000000070d200000, 0x000000070d200000| Untracked 
| 179|0x000000070d300000, 0x000000070d300000, 0x000000070d400000|  0%| F|  |TAMS 0x000000070d300000, 0x000000070d300000| Untracked 
| 180|0x000000070d400000, 0x000000070d400000, 0x000000070d500000|  0%| F|  |TAMS 0x000000070d400000, 0x000000070d400000| Untracked 
| 181|0x000000070d500000, 0x000000070d500000, 0x000000070d600000|  0%| F|  |TAMS 0x000000070d500000, 0x000000070d500000| Untracked 
| 182|0x000000070d600000, 0x000000070d600000, 0x000000070d700000|  0%| F|  |TAMS 0x000000070d600000, 0x000000070d600000| Untracked 
| 183|0x000000070d700000, 0x000000070d800000, 0x000000070d800000|100%| S|CS|TAMS 0x000000070d700000, 0x000000070d700000| Complete 
| 184|0x000000070d800000, 0x000000070d900000, 0x000000070d900000|100%| S|CS|TAMS 0x000000070d800000, 0x000000070d800000| Complete 
| 185|0x000000070d900000, 0x000000070da00000, 0x000000070da00000|100%| S|CS|TAMS 0x000000070d900000, 0x000000070d900000| Complete 
| 186|0x000000070da00000, 0x000000070db00000, 0x000000070db00000|100%| S|CS|TAMS 0x000000070da00000, 0x000000070da00000| Complete 
| 187|0x000000070db00000, 0x000000070dc00000, 0x000000070dc00000|100%| S|CS|TAMS 0x000000070db00000, 0x000000070db00000| Complete 
| 188|0x000000070dc00000, 0x000000070dd00000, 0x000000070dd00000|100%| S|CS|TAMS 0x000000070dc00000, 0x000000070dc00000| Complete 
| 189|0x000000070dd00000, 0x000000070de00000, 0x000000070de00000|100%| S|CS|TAMS 0x000000070dd00000, 0x000000070dd00000| Complete 
| 190|0x000000070de00000, 0x000000070df00000, 0x000000070df00000|100%| S|CS|TAMS 0x000000070de00000, 0x000000070de00000| Complete 
| 191|0x000000070df00000, 0x000000070e000000, 0x000000070e000000|100%| S|CS|TAMS 0x000000070df00000, 0x000000070df00000| Complete 
| 192|0x000000070e000000, 0x000000070e100000, 0x000000070e100000|100%| S|CS|TAMS 0x000000070e000000, 0x000000070e000000| Complete 
| 193|0x000000070e100000, 0x000000070e200000, 0x000000070e200000|100%| S|CS|TAMS 0x000000070e100000, 0x000000070e100000| Complete 
| 194|0x000000070e200000, 0x000000070e300000, 0x000000070e300000|100%| S|CS|TAMS 0x000000070e200000, 0x000000070e200000| Complete 
| 195|0x000000070e300000, 0x000000070e400000, 0x000000070e400000|100%| S|CS|TAMS 0x000000070e300000, 0x000000070e300000| Complete 
| 196|0x000000070e400000, 0x000000070e500000, 0x000000070e500000|100%| S|CS|TAMS 0x000000070e400000, 0x000000070e400000| Complete 
| 197|0x000000070e500000, 0x000000070e500000, 0x000000070e600000|  0%| F|  |TAMS 0x000000070e500000, 0x000000070e500000| Untracked 
| 198|0x000000070e600000, 0x000000070e600000, 0x000000070e700000|  0%| F|  |TAMS 0x000000070e600000, 0x000000070e600000| Untracked 
| 199|0x000000070e700000, 0x000000070e700000, 0x000000070e800000|  0%| F|  |TAMS 0x000000070e700000, 0x000000070e700000| Untracked 
| 200|0x000000070e800000, 0x000000070e800000, 0x000000070e900000|  0%| F|  |TAMS 0x000000070e800000, 0x000000070e800000| Untracked 
| 201|0x000000070e900000, 0x000000070e900000, 0x000000070ea00000|  0%| F|  |TAMS 0x000000070e900000, 0x000000070e900000| Untracked 
| 202|0x000000070ea00000, 0x000000070ea00000, 0x000000070eb00000|  0%| F|  |TAMS 0x000000070ea00000, 0x000000070ea00000| Untracked 
| 203|0x000000070eb00000, 0x000000070eb00000, 0x000000070ec00000|  0%| F|  |TAMS 0x000000070eb00000, 0x000000070eb00000| Untracked 
| 204|0x000000070ec00000, 0x000000070ec00000, 0x000000070ed00000|  0%| F|  |TAMS 0x000000070ec00000, 0x000000070ec00000| Untracked 
| 205|0x000000070ed00000, 0x000000070ed00000, 0x000000070ee00000|  0%| F|  |TAMS 0x000000070ed00000, 0x000000070ed00000| Untracked 
| 206|0x000000070ee00000, 0x000000070ee00000, 0x000000070ef00000|  0%| F|  |TAMS 0x000000070ee00000, 0x000000070ee00000| Untracked 
| 207|0x000000070ef00000, 0x000000070ef00000, 0x000000070f000000|  0%| F|  |TAMS 0x000000070ef00000, 0x000000070ef00000| Untracked 
| 208|0x000000070f000000, 0x000000070f000000, 0x000000070f100000|  0%| F|  |TAMS 0x000000070f000000, 0x000000070f000000| Untracked 
| 209|0x000000070f100000, 0x000000070f100000, 0x000000070f200000|  0%| F|  |TAMS 0x000000070f100000, 0x000000070f100000| Untracked 
| 210|0x000000070f200000, 0x000000070f200000, 0x000000070f300000|  0%| F|  |TAMS 0x000000070f200000, 0x000000070f200000| Untracked 
| 211|0x000000070f300000, 0x000000070f300000, 0x000000070f400000|  0%| F|  |TAMS 0x000000070f300000, 0x000000070f300000| Untracked 
| 212|0x000000070f400000, 0x000000070f400000, 0x000000070f500000|  0%| F|  |TAMS 0x000000070f400000, 0x000000070f400000| Untracked 
| 213|0x000000070f500000, 0x000000070f500000, 0x000000070f600000|  0%| F|  |TAMS 0x000000070f500000, 0x000000070f500000| Untracked 
| 214|0x000000070f600000, 0x000000070f600000, 0x000000070f700000|  0%| F|  |TAMS 0x000000070f600000, 0x000000070f600000| Untracked 
| 215|0x000000070f700000, 0x000000070f700000, 0x000000070f800000|  0%| F|  |TAMS 0x000000070f700000, 0x000000070f700000| Untracked 
| 216|0x000000070f800000, 0x000000070f800000, 0x000000070f900000|  0%| F|  |TAMS 0x000000070f800000, 0x000000070f800000| Untracked 
| 217|0x000000070f900000, 0x000000070f900000, 0x000000070fa00000|  0%| F|  |TAMS 0x000000070f900000, 0x000000070f900000| Untracked 
| 218|0x000000070fa00000, 0x000000070fa00000, 0x000000070fb00000|  0%| F|  |TAMS 0x000000070fa00000, 0x000000070fa00000| Untracked 
| 219|0x000000070fb00000, 0x000000070fb00000, 0x000000070fc00000|  0%| F|  |TAMS 0x000000070fb00000, 0x000000070fb00000| Untracked 
| 220|0x000000070fc00000, 0x000000070fc00000, 0x000000070fd00000|  0%| F|  |TAMS 0x000000070fc00000, 0x000000070fc00000| Untracked 
| 221|0x000000070fd00000, 0x000000070fd00000, 0x000000070fe00000|  0%| F|  |TAMS 0x000000070fd00000, 0x000000070fd00000| Untracked 
| 222|0x000000070fe00000, 0x000000070fe00000, 0x000000070ff00000|  0%| F|  |TAMS 0x000000070fe00000, 0x000000070fe00000| Untracked 
| 223|0x000000070ff00000, 0x000000070ff00000, 0x0000000710000000|  0%| F|  |TAMS 0x000000070ff00000, 0x000000070ff00000| Untracked 
| 224|0x0000000710000000, 0x0000000710000000, 0x0000000710100000|  0%| F|  |TAMS 0x0000000710000000, 0x0000000710000000| Untracked 
| 225|0x0000000710100000, 0x0000000710100000, 0x0000000710200000|  0%| F|  |TAMS 0x0000000710100000, 0x0000000710100000| Untracked 
| 226|0x0000000710200000, 0x0000000710200000, 0x0000000710300000|  0%| F|  |TAMS 0x0000000710200000, 0x0000000710200000| Untracked 
| 227|0x0000000710300000, 0x0000000710300000, 0x0000000710400000|  0%| F|  |TAMS 0x0000000710300000, 0x0000000710300000| Untracked 
| 228|0x0000000710400000, 0x0000000710400000, 0x0000000710500000|  0%| F|  |TAMS 0x0000000710400000, 0x0000000710400000| Untracked 
| 229|0x0000000710500000, 0x0000000710500000, 0x0000000710600000|  0%| F|  |TAMS 0x0000000710500000, 0x0000000710500000| Untracked 
| 230|0x0000000710600000, 0x0000000710600000, 0x0000000710700000|  0%| F|  |TAMS 0x0000000710600000, 0x0000000710600000| Untracked 
| 231|0x0000000710700000, 0x0000000710700000, 0x0000000710800000|  0%| F|  |TAMS 0x0000000710700000, 0x0000000710700000| Untracked 
| 232|0x0000000710800000, 0x0000000710800000, 0x0000000710900000|  0%| F|  |TAMS 0x0000000710800000, 0x0000000710800000| Untracked 
| 233|0x0000000710900000, 0x0000000710900000, 0x0000000710a00000|  0%| F|  |TAMS 0x0000000710900000, 0x0000000710900000| Untracked 
| 234|0x0000000710a00000, 0x0000000710a00000, 0x0000000710b00000|  0%| F|  |TAMS 0x0000000710a00000, 0x0000000710a00000| Untracked 
| 235|0x0000000710b00000, 0x0000000710b00000, 0x0000000710c00000|  0%| F|  |TAMS 0x0000000710b00000, 0x0000000710b00000| Untracked 
| 236|0x0000000710c00000, 0x0000000710c00000, 0x0000000710d00000|  0%| F|  |TAMS 0x0000000710c00000, 0x0000000710c00000| Untracked 
| 237|0x0000000710d00000, 0x0000000710d00000, 0x0000000710e00000|  0%| F|  |TAMS 0x0000000710d00000, 0x0000000710d00000| Untracked 
| 238|0x0000000710e00000, 0x0000000710e00000, 0x0000000710f00000|  0%| F|  |TAMS 0x0000000710e00000, 0x0000000710e00000| Untracked 
| 239|0x0000000710f00000, 0x0000000710f00000, 0x0000000711000000|  0%| F|  |TAMS 0x0000000710f00000, 0x0000000710f00000| Untracked 
| 240|0x0000000711000000, 0x0000000711000000, 0x0000000711100000|  0%| F|  |TAMS 0x0000000711000000, 0x0000000711000000| Untracked 
| 241|0x0000000711100000, 0x0000000711100000, 0x0000000711200000|  0%| F|  |TAMS 0x0000000711100000, 0x0000000711100000| Untracked 
| 242|0x0000000711200000, 0x0000000711200000, 0x0000000711300000|  0%| F|  |TAMS 0x0000000711200000, 0x0000000711200000| Untracked 
| 243|0x0000000711300000, 0x0000000711300000, 0x0000000711400000|  0%| F|  |TAMS 0x0000000711300000, 0x0000000711300000| Untracked 
| 244|0x0000000711400000, 0x0000000711400000, 0x0000000711500000|  0%| F|  |TAMS 0x0000000711400000, 0x0000000711400000| Untracked 
| 245|0x0000000711500000, 0x0000000711500000, 0x0000000711600000|  0%| F|  |TAMS 0x0000000711500000, 0x0000000711500000| Untracked 
| 246|0x0000000711600000, 0x0000000711600000, 0x0000000711700000|  0%| F|  |TAMS 0x0000000711600000, 0x0000000711600000| Untracked 
| 247|0x0000000711700000, 0x0000000711700000, 0x0000000711800000|  0%| F|  |TAMS 0x0000000711700000, 0x0000000711700000| Untracked 
| 248|0x0000000711800000, 0x0000000711800000, 0x0000000711900000|  0%| F|  |TAMS 0x0000000711800000, 0x0000000711800000| Untracked 
| 249|0x0000000711900000, 0x0000000711900000, 0x0000000711a00000|  0%| F|  |TAMS 0x0000000711900000, 0x0000000711900000| Untracked 
| 250|0x0000000711a00000, 0x0000000711a00000, 0x0000000711b00000|  0%| F|  |TAMS 0x0000000711a00000, 0x0000000711a00000| Untracked 
| 251|0x0000000711b00000, 0x0000000711b00000, 0x0000000711c00000|  0%| F|  |TAMS 0x0000000711b00000, 0x0000000711b00000| Untracked 
| 252|0x0000000711c00000, 0x0000000711c00000, 0x0000000711d00000|  0%| F|  |TAMS 0x0000000711c00000, 0x0000000711c00000| Untracked 
| 253|0x0000000711d00000, 0x0000000711d00000, 0x0000000711e00000|  0%| F|  |TAMS 0x0000000711d00000, 0x0000000711d00000| Untracked 
| 254|0x0000000711e00000, 0x0000000711e00000, 0x0000000711f00000|  0%| F|  |TAMS 0x0000000711e00000, 0x0000000711e00000| Untracked 
| 255|0x0000000711f00000, 0x0000000711f00000, 0x0000000712000000|  0%| F|  |TAMS 0x0000000711f00000, 0x0000000711f00000| Untracked 
| 256|0x0000000712000000, 0x0000000712000000, 0x0000000712100000|  0%| F|  |TAMS 0x0000000712000000, 0x0000000712000000| Untracked 
| 257|0x0000000712100000, 0x0000000712100000, 0x0000000712200000|  0%| F|  |TAMS 0x0000000712100000, 0x0000000712100000| Untracked 
| 258|0x0000000712200000, 0x0000000712200000, 0x0000000712300000|  0%| F|  |TAMS 0x0000000712200000, 0x0000000712200000| Untracked 
| 259|0x0000000712300000, 0x0000000712300000, 0x0000000712400000|  0%| F|  |TAMS 0x0000000712300000, 0x0000000712300000| Untracked 
| 260|0x0000000712400000, 0x0000000712400000, 0x0000000712500000|  0%| F|  |TAMS 0x0000000712400000, 0x0000000712400000| Untracked 
| 261|0x0000000712500000, 0x0000000712500000, 0x0000000712600000|  0%| F|  |TAMS 0x0000000712500000, 0x0000000712500000| Untracked 
| 262|0x0000000712600000, 0x0000000712600000, 0x0000000712700000|  0%| F|  |TAMS 0x0000000712600000, 0x0000000712600000| Untracked 
| 263|0x0000000712700000, 0x0000000712700000, 0x0000000712800000|  0%| F|  |TAMS 0x0000000712700000, 0x0000000712700000| Untracked 
| 264|0x0000000712800000, 0x0000000712800000, 0x0000000712900000|  0%| F|  |TAMS 0x0000000712800000, 0x0000000712800000| Untracked 
| 265|0x0000000712900000, 0x0000000712900000, 0x0000000712a00000|  0%| F|  |TAMS 0x0000000712900000, 0x0000000712900000| Untracked 
| 266|0x0000000712a00000, 0x0000000712a00000, 0x0000000712b00000|  0%| F|  |TAMS 0x0000000712a00000, 0x0000000712a00000| Untracked 
| 267|0x0000000712b00000, 0x0000000712b00000, 0x0000000712c00000|  0%| F|  |TAMS 0x0000000712b00000, 0x0000000712b00000| Untracked 
| 268|0x0000000712c00000, 0x0000000712d00000, 0x0000000712d00000|100%| E|  |TAMS 0x0000000712c00000, 0x0000000712c00000| Complete 
| 269|0x0000000712d00000, 0x0000000712e00000, 0x0000000712e00000|100%| E|CS|TAMS 0x0000000712d00000, 0x0000000712d00000| Complete 
| 270|0x0000000712e00000, 0x0000000712f00000, 0x0000000712f00000|100%| E|CS|TAMS 0x0000000712e00000, 0x0000000712e00000| Complete 
| 271|0x0000000712f00000, 0x0000000713000000, 0x0000000713000000|100%| E|CS|TAMS 0x0000000712f00000, 0x0000000712f00000| Complete 
| 272|0x0000000713000000, 0x0000000713100000, 0x0000000713100000|100%| E|CS|TAMS 0x0000000713000000, 0x0000000713000000| Complete 
| 273|0x0000000713100000, 0x0000000713200000, 0x0000000713200000|100%| E|CS|TAMS 0x0000000713100000, 0x0000000713100000| Complete 
| 274|0x0000000713200000, 0x0000000713300000, 0x0000000713300000|100%| E|CS|TAMS 0x0000000713200000, 0x0000000713200000| Complete 
| 275|0x0000000713300000, 0x0000000713400000, 0x0000000713400000|100%| E|CS|TAMS 0x0000000713300000, 0x0000000713300000| Complete 
| 276|0x0000000713400000, 0x0000000713500000, 0x0000000713500000|100%| E|CS|TAMS 0x0000000713400000, 0x0000000713400000| Complete 
| 277|0x0000000713500000, 0x0000000713600000, 0x0000000713600000|100%| E|CS|TAMS 0x0000000713500000, 0x0000000713500000| Complete 
| 278|0x0000000713600000, 0x0000000713700000, 0x0000000713700000|100%| E|CS|TAMS 0x0000000713600000, 0x0000000713600000| Complete 
| 279|0x0000000713700000, 0x0000000713800000, 0x0000000713800000|100%| E|CS|TAMS 0x0000000713700000, 0x0000000713700000| Complete 
| 280|0x0000000713800000, 0x0000000713900000, 0x0000000713900000|100%| E|CS|TAMS 0x0000000713800000, 0x0000000713800000| Complete 
| 281|0x0000000713900000, 0x0000000713a00000, 0x0000000713a00000|100%| E|CS|TAMS 0x0000000713900000, 0x0000000713900000| Complete 
| 282|0x0000000713a00000, 0x0000000713b00000, 0x0000000713b00000|100%| E|CS|TAMS 0x0000000713a00000, 0x0000000713a00000| Complete 
| 283|0x0000000713b00000, 0x0000000713c00000, 0x0000000713c00000|100%| E|CS|TAMS 0x0000000713b00000, 0x0000000713b00000| Complete 
| 284|0x0000000713c00000, 0x0000000713d00000, 0x0000000713d00000|100%| E|CS|TAMS 0x0000000713c00000, 0x0000000713c00000| Complete 
| 285|0x0000000713d00000, 0x0000000713e00000, 0x0000000713e00000|100%| E|CS|TAMS 0x0000000713d00000, 0x0000000713d00000| Complete 
| 286|0x0000000713e00000, 0x0000000713f00000, 0x0000000713f00000|100%| E|CS|TAMS 0x0000000713e00000, 0x0000000713e00000| Complete 
| 287|0x0000000713f00000, 0x0000000714000000, 0x0000000714000000|100%| E|CS|TAMS 0x0000000713f00000, 0x0000000713f00000| Complete 
| 288|0x0000000714000000, 0x0000000714100000, 0x0000000714100000|100%| E|CS|TAMS 0x0000000714000000, 0x0000000714000000| Complete 
| 289|0x0000000714100000, 0x0000000714200000, 0x0000000714200000|100%| E|CS|TAMS 0x0000000714100000, 0x0000000714100000| Complete 
| 290|0x0000000714200000, 0x0000000714300000, 0x0000000714300000|100%| E|CS|TAMS 0x0000000714200000, 0x0000000714200000| Complete 
| 291|0x0000000714300000, 0x0000000714400000, 0x0000000714400000|100%| E|CS|TAMS 0x0000000714300000, 0x0000000714300000| Complete 
| 292|0x0000000714400000, 0x0000000714500000, 0x0000000714500000|100%| E|CS|TAMS 0x0000000714400000, 0x0000000714400000| Complete 
| 293|0x0000000714500000, 0x0000000714600000, 0x0000000714600000|100%| E|CS|TAMS 0x0000000714500000, 0x0000000714500000| Complete 
| 294|0x0000000714600000, 0x0000000714700000, 0x0000000714700000|100%| E|CS|TAMS 0x0000000714600000, 0x0000000714600000| Complete 
| 295|0x0000000714700000, 0x0000000714800000, 0x0000000714800000|100%| E|CS|TAMS 0x0000000714700000, 0x0000000714700000| Complete 
| 296|0x0000000714800000, 0x0000000714900000, 0x0000000714900000|100%| E|CS|TAMS 0x0000000714800000, 0x0000000714800000| Complete 
| 297|0x0000000714900000, 0x0000000714a00000, 0x0000000714a00000|100%| E|CS|TAMS 0x0000000714900000, 0x0000000714900000| Complete 
| 298|0x0000000714a00000, 0x0000000714b00000, 0x0000000714b00000|100%| E|CS|TAMS 0x0000000714a00000, 0x0000000714a00000| Complete 
| 299|0x0000000714b00000, 0x0000000714c00000, 0x0000000714c00000|100%| E|CS|TAMS 0x0000000714b00000, 0x0000000714b00000| Complete 
| 300|0x0000000714c00000, 0x0000000714d00000, 0x0000000714d00000|100%| E|CS|TAMS 0x0000000714c00000, 0x0000000714c00000| Complete 
| 301|0x0000000714d00000, 0x0000000714e00000, 0x0000000714e00000|100%| E|CS|TAMS 0x0000000714d00000, 0x0000000714d00000| Complete 
| 302|0x0000000714e00000, 0x0000000714f00000, 0x0000000714f00000|100%| E|CS|TAMS 0x0000000714e00000, 0x0000000714e00000| Complete 
| 303|0x0000000714f00000, 0x0000000715000000, 0x0000000715000000|100%| E|CS|TAMS 0x0000000714f00000, 0x0000000714f00000| Complete 
| 304|0x0000000715000000, 0x0000000715100000, 0x0000000715100000|100%| E|CS|TAMS 0x0000000715000000, 0x0000000715000000| Complete 

Card table byte_map: [0x0000021da8a00000,0x0000021da91f0000] _byte_map_base: 0x0000021da51f0000

Marking Bits (Prev, Next): (CMBitMap*) 0x0000021d94e8dfe8, (CMBitMap*) 0x0000021d94e8e020
 Prev Bits: [0x0000021da99e0000, 0x0000021dad960000)
 Next Bits: [0x0000021dad960000, 0x0000021db18e0000)

Polling page: 0x0000021d935b0000

Metaspace:

Usage:
  Non-class:     59.19 MB capacity,    58.72 MB (>99%) used,   366.63 KB ( <1%) free+waste,   114.38 KB ( <1%) overhead. 
      Class:      7.79 MB capacity,     7.47 MB ( 96%) used,   277.55 KB (  3%) free+waste,    49.69 KB ( <1%) overhead. 
       Both:     66.99 MB capacity,    66.20 MB ( 99%) used,   644.18 KB ( <1%) free+waste,   164.06 KB ( <1%) overhead. 

Virtual space:
  Non-class space:       60.00 MB reserved,      59.41 MB (>99%) committed 
      Class space:        1.00 GB reserved,       7.82 MB ( <1%) committed 
             Both:        1.06 GB reserved,      67.23 MB (  6%) committed 

Chunk freelists:
   Non-Class:  30.00 KB
       Class:  21.00 KB
        Both:  51.00 KB

MaxMetaspaceSize: 17179869184.00 GB
CompressedClassSpaceSize: 1.00 GB

CodeHeap 'non-profiled nmethods': size=120000Kb used=8504Kb max_used=8504Kb free=111495Kb
 bounds [0x0000021da0280000, 0x0000021da0ad0000, 0x0000021da77b0000]
CodeHeap 'profiled nmethods': size=120000Kb used=39270Kb max_used=39270Kb free=80729Kb
 bounds [0x0000021d98d50000, 0x0000021d9b3b0000, 0x0000021da0280000]
CodeHeap 'non-nmethods': size=5760Kb used=1204Kb max_used=1290Kb free=4555Kb
 bounds [0x0000021d987b0000, 0x0000021d98a20000, 0x0000021d98d50000]
 total_blobs=13185 nmethods=12649 adapters=444
 compilation: enabled
              stopped_count=0, restarted_count=0
 full_count=0

Compilation events (20 events):
Event: 25.989 Thread 0x0000021db4d10800 12838       3       javaslang.collection.Queue::tail (5 bytes)
Event: 25.989 Thread 0x0000021db4d10800 nmethod 12838 0x0000021d9b38eb10 code [0x0000021d9b38ecc0, 0x0000021d9b38ee08]
Event: 25.989 Thread 0x0000021db4d10800 12839       3       javaslang.collection.Queue::tail (39 bytes)
Event: 25.990 Thread 0x0000021db4d10800 nmethod 12839 0x0000021d9b38ee90 code [0x0000021d9b38f0a0, 0x0000021d9b38f598]
Event: 25.990 Thread 0x0000021db4d10800 12840       3       javaslang.collection.LinkedHashSet$$Lambda$328/0x0000000800685c40::apply (8 bytes)
Event: 25.990 Thread 0x0000021db4d10800 nmethod 12840 0x0000021d9b38f790 code [0x0000021d9b38f940, 0x0000021d9b38fb58]
Event: 25.992 Thread 0x0000021db4d10800 12841       2       org.jetbrains.kotlin.builtins.KotlinBuiltIns::getPrimitiveType (52 bytes)
Event: 25.993 Thread 0x0000021db4d10800 nmethod 12841 0x0000021d9b38fc90 code [0x0000021d9b38fea0, 0x0000021d9b390178]
Event: 25.996 Thread 0x0000021db4d10800 12842       3       org.jetbrains.kotlin.resolve.calls.smartcasts.IdentifierInfo$NO::getKind (5 bytes)
Event: 25.997 Thread 0x0000021db4d10800 nmethod 12842 0x0000021d9b390390 code [0x0000021d9b390540, 0x0000021d9b390698]
Event: 26.007 Thread 0x0000021db4d10800 12843       1       org.jetbrains.kotlin.descriptors.impl.PropertyAccessorDescriptorImpl::isDefault (5 bytes)
Event: 26.008 Thread 0x0000021db4d10800 nmethod 12843 0x0000021da0acd090 code [0x0000021da0acd240, 0x0000021da0acd2f8]
Event: 26.008 Thread 0x0000021db4d10800 12844       3       org.jetbrains.kotlin.descriptors.impl.PropertyDescriptorImpl::substitute (6 bytes)
Event: 26.008 Thread 0x0000021db4d10800 nmethod 12844 0x0000021d9b390790 code [0x0000021d9b390940, 0x0000021d9b390b08]
Event: 26.008 Thread 0x0000021db4d10800 12845       3       org.jetbrains.kotlin.resolve.OverridingUtil::isMoreSpecificThenAllOf (59 bytes)
Event: 26.008 Thread 0x0000021db4d10800 nmethod 12845 0x0000021d9b390b90 code [0x0000021d9b390dc0, 0x0000021d9b391438]
Event: 26.008 Thread 0x0000021db4d10800 12846       1       org.jetbrains.kotlin.serialization.deserialization.descriptors.DeserializedPropertyDescriptor::getProto (5 bytes)
Event: 26.008 Thread 0x0000021db4d10800 nmethod 12846 0x0000021da0acd390 code [0x0000021da0acd540, 0x0000021da0acd5f8]
Event: 26.011 Thread 0x0000021db4d10800 12847       2       org.jetbrains.kotlin.load.java.descriptors.JavaPropertyDescriptor::createSubstitutedCopy (92 bytes)
Event: 26.012 Thread 0x0000021db4d10800 nmethod 12847 0x0000021d9b391610 code [0x0000021d9b391820, 0x0000021d9b391c18]

GC Heap History (20 events):
Event: 1.103 GC heap before
{Heap before GC invocations=0 (full 0):
 garbage-first heap   total 260096K, used 27648K [0x0000000702000000, 0x0000000800000000)
  region size 1024K, 24 young (24576K), 0 survivors (0K)
 Metaspace       used 12387K, capacity 12526K, committed 12800K, reserved 1060864K
  class space    used 1154K, capacity 1216K, committed 1280K, reserved 1048576K
}
Event: 1.108 GC heap after
{Heap after GC invocations=1 (full 0):
 garbage-first heap   total 260096K, used 5770K [0x0000000702000000, 0x0000000800000000)
  region size 1024K, 3 young (3072K), 3 survivors (3072K)
 Metaspace       used 12387K, capacity 12526K, committed 12800K, reserved 1060864K
  class space    used 1154K, capacity 1216K, committed 1280K, reserved 1048576K
}
Event: 2.869 GC heap before
{Heap before GC invocations=1 (full 0):
 garbage-first heap   total 260096K, used 43658K [0x0000000702000000, 0x0000000800000000)
  region size 1024K, 41 young (41984K), 3 survivors (3072K)
 Metaspace       used 20972K, capacity 21164K, committed 21248K, reserved 1069056K
  class space    used 2208K, capacity 2284K, committed 2304K, reserved 1048576K
}
Event: 2.894 GC heap after
{Heap after GC invocations=2 (full 0):
 garbage-first heap   total 260096K, used 9585K [0x0000000702000000, 0x0000000800000000)
  region size 1024K, 7 young (7168K), 7 survivors (7168K)
 Metaspace       used 20972K, capacity 21164K, committed 21248K, reserved 1069056K
  class space    used 2208K, capacity 2284K, committed 2304K, reserved 1048576K
}
Event: 5.119 GC heap before
{Heap before GC invocations=3 (full 0):
 garbage-first heap   total 260096K, used 66929K [0x0000000702000000, 0x0000000800000000)
  region size 1024K, 57 young (58368K), 7 survivors (7168K)
 Metaspace       used 27731K, capacity 28044K, committed 28284K, reserved 1075200K
  class space    used 3017K, capacity 3141K, committed 3200K, reserved 1048576K
}
Event: 5.138 GC heap after
{Heap after GC invocations=4 (full 0):
 garbage-first heap   total 260096K, used 19369K [0x0000000702000000, 0x0000000800000000)
  region size 1024K, 8 young (8192K), 8 survivors (8192K)
 Metaspace       used 27731K, capacity 28044K, committed 28284K, reserved 1075200K
  class space    used 3017K, capacity 3141K, committed 3200K, reserved 1048576K
}
Event: 5.387 GC heap before
{Heap before GC invocations=4 (full 0):
 garbage-first heap   total 260096K, used 29609K [0x0000000702000000, 0x0000000800000000)
  region size 1024K, 18 young (18432K), 8 survivors (8192K)
 Metaspace       used 30071K, capacity 30508K, committed 30844K, reserved 1077248K
  class space    used 3279K, capacity 3429K, committed 3456K, reserved 1048576K
}
Event: 5.399 GC heap after
{Heap after GC invocations=5 (full 0):
 garbage-first heap   total 260096K, used 21072K [0x0000000702000000, 0x0000000800000000)
  region size 1024K, 2 young (2048K), 2 survivors (2048K)
 Metaspace       used 30071K, capacity 30508K, committed 30844K, reserved 1077248K
  class space    used 3279K, capacity 3429K, committed 3456K, reserved 1048576K
}
Event: 6.232 GC heap before
{Heap before GC invocations=5 (full 0):
 garbage-first heap   total 260096K, used 45648K [0x0000000702000000, 0x0000000800000000)
  region size 1024K, 27 young (27648K), 2 survivors (2048K)
 Metaspace       used 35500K, capacity 35856K, committed 35964K, reserved 1081344K
  class space    used 4048K, capacity 4207K, committed 4224K, reserved 1048576K
}
Event: 6.238 GC heap after
{Heap after GC invocations=6 (full 0):
 garbage-first heap   total 260096K, used 23217K [0x0000000702000000, 0x0000000800000000)
  region size 1024K, 4 young (4096K), 4 survivors (4096K)
 Metaspace       used 35500K, capacity 35856K, committed 35964K, reserved 1081344K
  class space    used 4048K, capacity 4207K, committed 4224K, reserved 1048576K
}
Event: 8.577 GC heap before
{Heap before GC invocations=7 (full 0):
 garbage-first heap   total 260096K, used 105137K [0x0000000702000000, 0x0000000800000000)
  region size 1024K, 83 young (84992K), 4 survivors (4096K)
 Metaspace       used 47471K, capacity 47921K, committed 48124K, reserved 1091584K
  class space    used 5671K, capacity 5878K, committed 5888K, reserved 1048576K
}
Event: 8.592 GC heap after
{Heap after GC invocations=8 (full 0):
 garbage-first heap   total 260096K, used 31972K [0x0000000702000000, 0x0000000800000000)
  region size 1024K, 11 young (11264K), 11 survivors (11264K)
 Metaspace       used 47471K, capacity 47921K, committed 48124K, reserved 1091584K
  class space    used 5671K, capacity 5878K, committed 5888K, reserved 1048576K
}
Event: 14.187 GC heap before
{Heap before GC invocations=8 (full 0):
 garbage-first heap   total 260096K, used 139492K [0x0000000702000000, 0x0000000800000000)
  region size 1024K, 116 young (118784K), 11 survivors (11264K)
 Metaspace       used 57468K, capacity 58062K, committed 58236K, reserved 1099776K
  class space    used 6703K, capacity 6969K, committed 7040K, reserved 1048576K
}
Event: 14.233 GC heap after
{Heap after GC invocations=9 (full 0):
 garbage-first heap   total 312320K, used 53604K [0x0000000702000000, 0x0000000800000000)
  region size 1024K, 15 young (15360K), 15 survivors (15360K)
 Metaspace       used 57468K, capacity 58062K, committed 58236K, reserved 1099776K
  class space    used 6703K, capacity 6969K, committed 7040K, reserved 1048576K
}
Event: 16.303 GC heap before
{Heap before GC invocations=9 (full 0):
 garbage-first heap   total 312320K, used 134500K [0x0000000702000000, 0x0000000800000000)
  region size 1024K, 94 young (96256K), 15 survivors (15360K)
 Metaspace       used 58124K, capacity 58771K, committed 59004K, reserved 1101824K
  class space    used 6710K, capacity 6969K, committed 7040K, reserved 1048576K
}
Event: 16.360 GC heap after
{Heap after GC invocations=10 (full 0):
 garbage-first heap   total 312320K, used 67284K [0x0000000702000000, 0x0000000800000000)
  region size 1024K, 12 young (12288K), 12 survivors (12288K)
 Metaspace       used 58124K, capacity 58771K, committed 59004K, reserved 1101824K
  class space    used 6710K, capacity 6969K, committed 7040K, reserved 1048576K
}
Event: 17.772 GC heap before
{Heap before GC invocations=10 (full 0):
 garbage-first heap   total 312320K, used 129748K [0x0000000702000000, 0x0000000800000000)
  region size 1024K, 74 young (75776K), 12 survivors (12288K)
 Metaspace       used 59930K, capacity 60523K, committed 60580K, reserved 1103872K
  class space    used 6902K, capacity 7146K, committed 7168K, reserved 1048576K
}
Event: 17.797 GC heap after
{Heap after GC invocations=11 (full 0):
 garbage-first heap   total 312320K, used 75181K [0x0000000702000000, 0x0000000800000000)
  region size 1024K, 7 young (7168K), 7 survivors (7168K)
 Metaspace       used 59930K, capacity 60523K, committed 60580K, reserved 1103872K
  class space    used 6902K, capacity 7146K, committed 7168K, reserved 1048576K
}
Event: 23.736 GC heap before
{Heap before GC invocations=12 (full 0):
 garbage-first heap   total 312320K, used 181677K [0x0000000702000000, 0x0000000800000000)
  region size 1024K, 108 young (110592K), 7 survivors (7168K)
 Metaspace       used 67165K, capacity 67966K, committed 68080K, reserved 1110016K
  class space    used 7617K, capacity 7943K, committed 8012K, reserved 1048576K
}
Event: 23.763 GC heap after
{Heap after GC invocations=13 (full 0):
 garbage-first heap   total 312320K, used 92160K [0x0000000702000000, 0x0000000800000000)
  region size 1024K, 14 young (14336K), 14 survivors (14336K)
 Metaspace       used 67165K, capacity 67966K, committed 68080K, reserved 1110016K
  class space    used 7617K, capacity 7943K, committed 8012K, reserved 1048576K
}

Deoptimization events (20 events):
Event: 26.010 Thread 0x0000021d94e2a800 Uncommon trap: trap_request=0xffffffc6 fr.pc=0x0000021da09c4a94 relative=0x0000000000006d14
Event: 26.010 Thread 0x0000021d94e2a800 Uncommon trap: reason=bimorphic_or_optimized_type_check action=maybe_recompile pc=0x0000021da09c4a94 method=org.jetbrains.kotlin.resolve.OverridingUtil.allHasSameContainingDeclaration(Ljava/util/Collection;)Z @ 35 c2
Event: 26.010 Thread 0x0000021d94e2a800 DEOPT PACKING pc=0x0000021da09c4a94 sp=0x00000067c8af1220
Event: 26.010 Thread 0x0000021d94e2a800 DEOPT UNPACKING pc=0x0000021d987d772f sp=0x00000067c8af11d0 mode 2
Event: 26.010 Thread 0x0000021d94e2a800 Uncommon trap: trap_request=0xffffffc6 fr.pc=0x0000021da098dab0 relative=0x0000000000001b10
Event: 26.010 Thread 0x0000021d94e2a800 Uncommon trap: reason=bimorphic_or_optimized_type_check action=maybe_recompile pc=0x0000021da098dab0 method=org.jetbrains.kotlin.resolve.OverridingUtil.selectMostSpecificMember(Ljava/util/Collection;Lkotlin/jvm/functions/Function1;)Ljava/lang/Object; @ 27
Event: 26.010 Thread 0x0000021d94e2a800 DEOPT PACKING pc=0x0000021da098dab0 sp=0x00000067c8af10d0
Event: 26.010 Thread 0x0000021d94e2a800 DEOPT UNPACKING pc=0x0000021d987d772f sp=0x00000067c8af10c8 mode 2
Event: 26.010 Thread 0x0000021d94e2a800 Uncommon trap: trap_request=0xffffffde fr.pc=0x0000021da07085c8 relative=0x0000000000001f48
Event: 26.010 Thread 0x0000021d94e2a800 Uncommon trap: reason=class_check action=maybe_recompile pc=0x0000021da07085c8 method=org.jetbrains.kotlin.resolve.OverridingUtil.resolveUnknownVisibilityForMember(Lorg/jetbrains/kotlin/descriptors/CallableMemberDescriptor;Lkotlin/jvm/functions/Function1;
Event: 26.010 Thread 0x0000021d94e2a800 DEOPT PACKING pc=0x0000021da07085c8 sp=0x00000067c8af1030
Event: 26.010 Thread 0x0000021d94e2a800 DEOPT UNPACKING pc=0x0000021d987d772f sp=0x00000067c8af1060 mode 2
Event: 26.011 Thread 0x0000021d94e2a800 Uncommon trap: trap_request=0xffffffc6 fr.pc=0x0000021da09c4a94 relative=0x0000000000006d14
Event: 26.011 Thread 0x0000021d94e2a800 Uncommon trap: reason=bimorphic_or_optimized_type_check action=maybe_recompile pc=0x0000021da09c4a94 method=org.jetbrains.kotlin.resolve.OverridingUtil.allHasSameContainingDeclaration(Ljava/util/Collection;)Z @ 35 c2
Event: 26.011 Thread 0x0000021d94e2a800 DEOPT PACKING pc=0x0000021da09c4a94 sp=0x00000067c8af3420
Event: 26.011 Thread 0x0000021d94e2a800 DEOPT UNPACKING pc=0x0000021d987d772f sp=0x00000067c8af33a0 mode 2
Event: 26.011 Thread 0x0000021d94e2a800 Uncommon trap: trap_request=0xffffffc6 fr.pc=0x0000021da098dab0 relative=0x0000000000001b10
Event: 26.011 Thread 0x0000021d94e2a800 Uncommon trap: reason=bimorphic_or_optimized_type_check action=maybe_recompile pc=0x0000021da098dab0 method=org.jetbrains.kotlin.resolve.OverridingUtil.selectMostSpecificMember(Ljava/util/Collection;Lkotlin/jvm/functions/Function1;)Ljava/lang/Object; @ 27
Event: 26.011 Thread 0x0000021d94e2a800 DEOPT PACKING pc=0x0000021da098dab0 sp=0x00000067c8af32a0
Event: 26.011 Thread 0x0000021d94e2a800 DEOPT UNPACKING pc=0x0000021d987d772f sp=0x00000067c8af3298 mode 2

Classes redefined (0 events):
No events

Internal exceptions (20 events):
Event: 19.837 Thread 0x0000021d94e2a800 Implicit null exception at 0x0000021da087318b to 0x0000021da08743fc
Event: 22.946 Thread 0x0000021d94e2a800 Implicit null exception at 0x0000021da09a3c87 to 0x0000021da09a559c
Event: 23.814 Thread 0x0000021d94e2a800 Implicit null exception at 0x0000021da05b83ae to 0x0000021da05ba610
Event: 23.814 Thread 0x0000021d94e2a800 Implicit null exception at 0x0000021da05b83ae to 0x0000021da05ba610
Event: 23.814 Thread 0x0000021d94e2a800 Implicit null exception at 0x0000021da05b83ae to 0x0000021da05ba610
Event: 23.814 Thread 0x0000021d94e2a800 Implicit null exception at 0x0000021da05b83ae to 0x0000021da05ba610
Event: 23.814 Thread 0x0000021d94e2a800 Implicit null exception at 0x0000021da05b83ae to 0x0000021da05ba610
Event: 23.814 Thread 0x0000021d94e2a800 Implicit null exception at 0x0000021da05b83ae to 0x0000021da05ba610
Event: 23.814 Thread 0x0000021d94e2a800 Implicit null exception at 0x0000021da05b83ae to 0x0000021da05ba610
Event: 23.814 Thread 0x0000021d94e2a800 Implicit null exception at 0x0000021da05b83ae to 0x0000021da05ba610
Event: 23.814 Thread 0x0000021d94e2a800 Implicit null exception at 0x0000021da05b83ae to 0x0000021da05ba610
Event: 23.814 Thread 0x0000021d94e2a800 Implicit null exception at 0x0000021da05b83ae to 0x0000021da05ba610
Event: 23.814 Thread 0x0000021d94e2a800 Implicit null exception at 0x0000021da05b83ae to 0x0000021da05ba610
Event: 23.814 Thread 0x0000021d94e2a800 Implicit null exception at 0x0000021da05b83ae to 0x0000021da05ba610
Event: 23.815 Thread 0x0000021d94e2a800 Implicit null exception at 0x0000021da0587f99 to 0x0000021da058f808
Event: 23.818 Thread 0x0000021d94e2a800 Implicit null exception at 0x0000021da0563f66 to 0x0000021da0564258
Event: 24.216 Thread 0x0000021d94e2a800 Implicit null exception at 0x0000021da0a1e715 to 0x0000021da0a20905
Event: 24.288 Thread 0x0000021d94e2a800 Implicit null exception at 0x0000021da0a1e715 to 0x0000021da0a20905
Event: 24.292 Thread 0x0000021d94e2a800 Implicit null exception at 0x0000021da0a1e715 to 0x0000021da0a20905
Event: 24.298 Thread 0x0000021d94e2a800 Implicit null exception at 0x0000021da0a1e715 to 0x0000021da0a20905

Events (20 events):
Event: 25.645 Executing VM operation: RevokeBias
Event: 25.647 Executing VM operation: RevokeBias done
Event: 25.703 Executing VM operation: RevokeBias
Event: 25.704 Executing VM operation: RevokeBias done
Event: 25.757 loading class jdk/internal/math/FDBigInteger
Event: 25.758 loading class jdk/internal/math/FDBigInteger done
Event: 25.868 loading class org/jetbrains/kotlin/resolve/calls/smartcasts/IdentifierInfo$PostfixIdentifierInfo
Event: 25.868 loading class org/jetbrains/kotlin/resolve/calls/smartcasts/IdentifierInfo$PostfixIdentifierInfo done
Event: 25.915 Executing VM operation: ICBufferFull
Event: 25.915 Executing VM operation: ICBufferFull done
Event: 26.000 loading class org/jetbrains/kotlin/load/java/SpecialBuiltinMembers$getOverriddenBuiltinWithDifferentJvmName$1
Event: 26.000 loading class org/jetbrains/kotlin/load/java/SpecialBuiltinMembers$getOverriddenBuiltinWithDifferentJvmName$1 done
Event: 26.000 loading class org/jetbrains/kotlin/load/java/BuiltinSpecialProperties$getBuiltinSpecialPropertyGetterName$descriptor$1
Event: 26.000 loading class org/jetbrains/kotlin/load/java/BuiltinSpecialProperties$getBuiltinSpecialPropertyGetterName$descriptor$1 done
Event: 26.002 loading class org/jetbrains/kotlin/load/java/lazy/descriptors/LazyJavaClassMemberScope$isVisibleAsFunctionInCurrentClass$$inlined$any$lambda$1
Event: 26.002 loading class org/jetbrains/kotlin/load/java/lazy/descriptors/LazyJavaClassMemberScope$isVisibleAsFunctionInCurrentClass$$inlined$any$lambda$1 done
Event: 26.004 loading class org/jetbrains/kotlin/load/java/descriptors/JavaForKotlinOverridePropertyDescriptor
Event: 26.004 loading class org/jetbrains/kotlin/load/java/descriptors/JavaForKotlinOverridePropertyDescriptor done
Event: 26.004 Executing VM operation: Deoptimize
Event: 26.006 Executing VM operation: Deoptimize done


Dynamic libraries:
0x00007ff67c4f0000 - 0x00007ff67c4fa000 	C:\Program Files\Android\Android Studio\jre\bin\java.exe
0x00007ffe0a890000 - 0x00007ffe0aa85000 	C:\WINDOWS\SYSTEM32\ntdll.dll
0x00007ffe09e20000 - 0x00007ffe09ede000 	C:\WINDOWS\System32\KERNEL32.DLL
0x00007ffe082f0000 - 0x00007ffe085b9000 	C:\WINDOWS\System32\KERNELBASE.dll
0x00007ffe080c0000 - 0x00007ffe081c0000 	C:\WINDOWS\System32\ucrtbase.dll
0x00007ffde09a0000 - 0x00007ffde09b7000 	C:\Program Files\Android\Android Studio\jre\bin\VCRUNTIME140.dll
0x00007ffdded10000 - 0x00007ffdded29000 	C:\Program Files\Android\Android Studio\jre\bin\jli.dll
0x00007ffe08e60000 - 0x00007ffe09001000 	C:\WINDOWS\System32\USER32.dll
0x00007ffe088b0000 - 0x00007ffe088d2000 	C:\WINDOWS\System32\win32u.dll
0x00007ffe09770000 - 0x00007ffe0979b000 	C:\WINDOWS\System32\GDI32.dll
0x00007ffe07fb0000 - 0x00007ffe080bb000 	C:\WINDOWS\System32\gdi32full.dll
0x00007ffe08810000 - 0x00007ffe088ad000 	C:\WINDOWS\System32\msvcp_win.dll
0x00007ffdec1a0000 - 0x00007ffdec43a000 	C:\WINDOWS\WinSxS\amd64_microsoft.windows.common-controls_6595b64144ccf1df_6.0.19041.1110_none_60b5254171f9507e\COMCTL32.dll
0x00007ffe09980000 - 0x00007ffe09a1e000 	C:\WINDOWS\System32\msvcrt.dll
0x00007ffe097a0000 - 0x00007ffe097d0000 	C:\WINDOWS\System32\IMM32.DLL
0x00007ffdcb040000 - 0x00007ffdcb0dd000 	C:\Program Files\Android\Android Studio\jre\bin\msvcp140.dll
0x00007ffdab1e0000 - 0x00007ffdabc9c000 	C:\Program Files\Android\Android Studio\jre\bin\server\jvm.dll
0x00007ffe09b60000 - 0x00007ffe09c0c000 	C:\WINDOWS\System32\ADVAPI32.dll
0x00007ffe09670000 - 0x00007ffe0970b000 	C:\WINDOWS\System32\sechost.dll
0x00007ffe0a720000 - 0x00007ffe0a84a000 	C:\WINDOWS\System32\RPCRT4.dll
0x00007ffe09ae0000 - 0x00007ffe09ae8000 	C:\WINDOWS\System32\PSAPI.DLL
0x00007ffdf91d0000 - 0x00007ffdf91d9000 	C:\WINDOWS\SYSTEM32\WSOCK32.dll
0x00007ffe09af0000 - 0x00007ffe09b5b000 	C:\WINDOWS\System32\WS2_32.dll
0x00007ffdfb8b0000 - 0x00007ffdfb8d7000 	C:\WINDOWS\SYSTEM32\WINMM.dll
0x00007ffdff410000 - 0x00007ffdff41a000 	C:\WINDOWS\SYSTEM32\VERSION.dll
0x00007ffe06830000 - 0x00007ffe06842000 	C:\WINDOWS\SYSTEM32\kernel.appcore.dll
0x00007ffe03400000 - 0x00007ffe03411000 	C:\Program Files\Android\Android Studio\jre\bin\verify.dll
0x00007ffe06540000 - 0x00007ffe06724000 	C:\WINDOWS\SYSTEM32\DBGHELP.DLL
0x00007ffdedd70000 - 0x00007ffdedd9c000 	C:\WINDOWS\SYSTEM32\dbgcore.DLL
0x00007ffe08620000 - 0x00007ffe086a3000 	C:\WINDOWS\System32\bcryptPrimitives.dll
0x00007ffde6830000 - 0x00007ffde6859000 	C:\Program Files\Android\Android Studio\jre\bin\java.dll
0x00007ffe03430000 - 0x00007ffe0343b000 	C:\Program Files\Android\Android Studio\jre\bin\jimage.dll
0x00007ffde63e0000 - 0x00007ffde63f8000 	C:\Program Files\Android\Android Studio\jre\bin\zip.dll
0x00007ffe09fc0000 - 0x00007ffe0a6ff000 	C:\WINDOWS\System32\SHELL32.dll
0x00007ffe05ce0000 - 0x00007ffe06470000 	C:\WINDOWS\SYSTEM32\windows.storage.dll
0x00007ffe08a30000 - 0x00007ffe08d85000 	C:\WINDOWS\System32\combase.dll
0x00007ffe07990000 - 0x00007ffe079bc000 	C:\WINDOWS\SYSTEM32\Wldp.dll
0x00007ffe08970000 - 0x00007ffe08a1d000 	C:\WINDOWS\System32\SHCORE.dll
0x00007ffe09710000 - 0x00007ffe09765000 	C:\WINDOWS\System32\shlwapi.dll
0x00007ffe07ef0000 - 0x00007ffe07f0f000 	C:\WINDOWS\SYSTEM32\profapi.dll
0x00007ffde63c0000 - 0x00007ffde63da000 	C:\Program Files\Android\Android Studio\jre\bin\net.dll
0x00007ffdfddc0000 - 0x00007ffdfdec8000 	C:\WINDOWS\SYSTEM32\WINHTTP.dll
0x00007ffe076f0000 - 0x00007ffe0775a000 	C:\WINDOWS\system32\mswsock.dll
0x00007ffde63a0000 - 0x00007ffde63b4000 	C:\Program Files\Android\Android Studio\jre\bin\nio.dll

dbghelp: loaded successfully - version: 4.0.5 - missing functions: none
symbol engine: initialized successfully - sym options: 0x614 - pdb path: .;C:\Program Files\Android\Android Studio\jre\bin;C:\WINDOWS\SYSTEM32;C:\WINDOWS\WinSxS\amd64_microsoft.windows.common-controls_6595b64144ccf1df_6.0.19041.1110_none_60b5254171f9507e;C:\Program Files\Android\Android Studio\jre\bin\server

VM Arguments:
java_command: org.jetbrains.kotlin.cli.jvm.K2JVMCompiler @D:\DevProject\vtvtravel_android\app\build\20211108_7435420333497305240.compiler.options
java_class_path (initial): C:\Users\Dell\.gradle\caches\modules-2\files-2.1\org.jetbrains.kotlin\kotlin-compiler-embeddable\1.4.10\38c4b99d5d5362debdd9302a866730379aa2328a\kotlin-compiler-embeddable-1.4.10.jar;C:\Users\Dell\.gradle\caches\modules-2\files-2.1\org.jetbrains.kotlin\kotlin-reflect\1.4.10\e2b3c6695eee6085e606d96d685396dce23a3a06\kotlin-reflect-1.4.10.jar;C:\Users\Dell\.gradle\caches\modules-2\files-2.1\org.jetbrains.kotlin\kotlin-stdlib\1.4.10\ea29e063d2bbe695be13e9d044dcfb0c7add398e\kotlin-stdlib-1.4.10.jar;C:\Users\Dell\.gradle\caches\modules-2\files-2.1\org.jetbrains.kotlin\kotlin-script-runtime\1.4.10\7c19d9c2001e016cd7664cebe9eea66fc04a7f4f\kotlin-script-runtime-1.4.10.jar;C:\Users\Dell\.gradle\caches\modules-2\files-2.1\org.jetbrains.kotlin\kotlin-daemon-embeddable\1.4.10\dbd67f42bed28043d17d7c860b06110a00a45970\kotlin-daemon-embeddable-1.4.10.jar;C:\Users\Dell\.gradle\caches\modules-2\files-2.1\org.jetbrains.intellij.deps\trove4j\1.0.20181211\216c2e14b070f334479d800987affe4054cd563f\trove4j-1.0.20181211.jar;C:\Users\Dell\.gradle\caches\modules-2\files-2.1\org.jetbrains.kotlin\kotlin-stdlib-common\1.4.10\6229be3465805c99db1142ad75e6c6ddeac0b04c\kotlin-stdlib-common-1.4.10.jar;C:\Users\Dell\.gradle\caches\modules-2\files-2.1\org.jetbrains\annotations\13.0\919f0dfe192fb4e063e7dacadee7f8bb9a2672a9\annotations-13.0.jar
Launcher Type: SUN_STANDARD

[Global flags]
     intx CICompilerCount                          = 4                                         {product} {ergonomic}
     uint ConcGCThreads                            = 2                                         {product} {ergonomic}
     uint G1ConcRefinementThreads                  = 8                                         {product} {ergonomic}
   size_t G1HeapRegionSize                         = 1048576                                   {product} {ergonomic}
    uintx GCDrainStackTargetSize                   = 64                                        {product} {ergonomic}
   size_t InitialHeapSize                          = 266338304                                 {product} {ergonomic}
   size_t MarkStackSize                            = 4194304                                   {product} {ergonomic}
   size_t MaxHeapSize                              = 4261412864                                {product} {ergonomic}
   size_t MaxNewSize                               = 2556428288                                {product} {ergonomic}
   size_t MinHeapDeltaBytes                        = 1048576                                   {product} {ergonomic}
    uintx NonNMethodCodeHeapSize                   = 5836300                                {pd product} {ergonomic}
    uintx NonProfiledCodeHeapSize                  = 122910970                              {pd product} {ergonomic}
    uintx ProfiledCodeHeapSize                     = 122910970                              {pd product} {ergonomic}
    uintx ReservedCodeCacheSize                    = 251658240                              {pd product} {ergonomic}
     bool SegmentedCodeCache                       = true                                      {product} {ergonomic}
     bool UseCompressedClassPointers               = true                                 {lp64_product} {ergonomic}
     bool UseCompressedOops                        = true                                 {lp64_product} {ergonomic}
     bool UseG1GC                                  = true                                      {product} {ergonomic}
     bool UseLargePagesIndividualAllocation        = false                                  {pd product} {ergonomic}

Logging:
Log output configuration:
 #0: stdout all=warning uptime,level,tags
 #1: stderr all=off uptime,level,tags

Environment Variables:
PATH=C:\Program Files (x86)\Common Files\Oracle\Java\javapath;C:\WINDOWS\system32;C:\WINDOWS;C:\WINDOWS\System32\Wbem;C:\WINDOWS\System32\WindowsPowerShell\v1.0\;C:\WINDOWS\System32\OpenSSH\;C:\Program Files\Git\cmd;C:\Program Files\nodejs\;C:\Users\Dell\AppData\Local\Microsoft\WindowsApps;;C:\Users\Dell\AppData\Local\Programs\Microsoft VS Code\bin;C:\Users\Dell\AppData\Roaming\npm
USERNAME=Dell
OS=Windows_NT
PROCESSOR_IDENTIFIER=Intel64 Family 6 Model 158 Stepping 9, GenuineIntel



---------------  S Y S T E M  ---------------

OS: Windows 10 , 64 bit Build 19041 (10.0.19041.1202)
OS uptime: 4 days 2:11 hours

CPU:total 8 (initial active 8) (4 cores per cpu, 2 threads per core) family 6 model 158 stepping 9, cmov, cx8, fxsr, mmx, sse, sse2, sse3, ssse3, sse4.1, sse4.2, popcnt, avx, avx2, aes, clmul, erms, 3dnowpref, lzcnt, ht, tsc, tscinvbit, bmi1, bmi2, adx, fma

Memory: 4k page, system-wide physical 16250M (2094M free)
TotalPageFile size 24474M (AvailPageFile size 3M)
current process WorkingSet (physical memory assigned to process): 487M, peak: 506M
current process commit charge ("private bytes"): 578M, peak: 595M

vm_info: OpenJDK 64-Bit Server VM (11.0.8+10-b944.6842174) for windows-amd64 JRE (11.0.8+10-b944.6842174), built on Sep 19 2020 01:11:42 by "builder" with MS VC++ 14.0 (VS2015)

END.
